ARM GAS  /var/folders/k8/xlf8xpxs1pdcp86t317gf5z40000gp/T//cc50Fsay.s 			page 1


   1              		.cpu cortex-m3
   2              		.eabi_attribute 20, 1
   3              		.eabi_attribute 21, 1
   4              		.eabi_attribute 23, 3
   5              		.eabi_attribute 24, 1
   6              		.eabi_attribute 25, 1
   7              		.eabi_attribute 26, 1
   8              		.eabi_attribute 30, 1
   9              		.eabi_attribute 34, 1
  10              		.eabi_attribute 18, 4
  11              		.file	"stm32f1xx_it.c"
  12              		.text
  13              	.Ltext0:
  14              		.cfi_sections	.debug_frame
  15              		.section	.text.NMI_Handler,"ax",%progbits
  16              		.align	1
  17              		.global	NMI_Handler
  18              		.arch armv7-m
  19              		.syntax unified
  20              		.thumb
  21              		.thumb_func
  22              		.fpu softvfp
  24              	NMI_Handler:
  25              	.LFB69:
  26              		.file 1 "Src/stm32f1xx_it.c"
   1:Src/stm32f1xx_it.c **** /* USER CODE BEGIN Header */
   2:Src/stm32f1xx_it.c **** /**
   3:Src/stm32f1xx_it.c ****   ******************************************************************************
   4:Src/stm32f1xx_it.c ****   * @file    stm32f1xx_it.c
   5:Src/stm32f1xx_it.c ****   * @brief   Interrupt Service Routines.
   6:Src/stm32f1xx_it.c ****   ******************************************************************************
   7:Src/stm32f1xx_it.c ****   * @attention
   8:Src/stm32f1xx_it.c ****   *
   9:Src/stm32f1xx_it.c ****   * <h2><center>&copy; Copyright (c) 2020 STMicroelectronics.
  10:Src/stm32f1xx_it.c ****   * All rights reserved.</center></h2>
  11:Src/stm32f1xx_it.c ****   *
  12:Src/stm32f1xx_it.c ****   * This software component is licensed by ST under Ultimate Liberty license
  13:Src/stm32f1xx_it.c ****   * SLA0044, the "License"; You may not use this file except in compliance with
  14:Src/stm32f1xx_it.c ****   * the License. You may obtain a copy of the License at:
  15:Src/stm32f1xx_it.c ****   *                             www.st.com/SLA0044
  16:Src/stm32f1xx_it.c ****   *
  17:Src/stm32f1xx_it.c ****   ******************************************************************************
  18:Src/stm32f1xx_it.c ****   */
  19:Src/stm32f1xx_it.c **** /* USER CODE END Header */
  20:Src/stm32f1xx_it.c **** 
  21:Src/stm32f1xx_it.c **** /* Includes ------------------------------------------------------------------*/
  22:Src/stm32f1xx_it.c **** #include "main.h"
  23:Src/stm32f1xx_it.c **** #include "stm32f1xx_it.h"
  24:Src/stm32f1xx_it.c **** #include "FreeRTOS.h"
  25:Src/stm32f1xx_it.c **** #include "task.h"
  26:Src/stm32f1xx_it.c **** /* Private includes ----------------------------------------------------------*/
  27:Src/stm32f1xx_it.c **** /* USER CODE BEGIN Includes */
  28:Src/stm32f1xx_it.c **** /* USER CODE END Includes */
  29:Src/stm32f1xx_it.c **** 
  30:Src/stm32f1xx_it.c **** /* Private typedef -----------------------------------------------------------*/
  31:Src/stm32f1xx_it.c **** /* USER CODE BEGIN TD */
  32:Src/stm32f1xx_it.c **** 
ARM GAS  /var/folders/k8/xlf8xpxs1pdcp86t317gf5z40000gp/T//cc50Fsay.s 			page 2


  33:Src/stm32f1xx_it.c **** /* USER CODE END TD */
  34:Src/stm32f1xx_it.c **** 
  35:Src/stm32f1xx_it.c **** /* Private define ------------------------------------------------------------*/
  36:Src/stm32f1xx_it.c **** /* USER CODE BEGIN PD */
  37:Src/stm32f1xx_it.c ****  
  38:Src/stm32f1xx_it.c **** /* USER CODE END PD */
  39:Src/stm32f1xx_it.c **** 
  40:Src/stm32f1xx_it.c **** /* Private macro -------------------------------------------------------------*/
  41:Src/stm32f1xx_it.c **** /* USER CODE BEGIN PM */
  42:Src/stm32f1xx_it.c **** 
  43:Src/stm32f1xx_it.c **** /* USER CODE END PM */
  44:Src/stm32f1xx_it.c **** 
  45:Src/stm32f1xx_it.c **** /* Private variables ---------------------------------------------------------*/
  46:Src/stm32f1xx_it.c **** /* USER CODE BEGIN PV */
  47:Src/stm32f1xx_it.c **** 
  48:Src/stm32f1xx_it.c **** /* USER CODE END PV */
  49:Src/stm32f1xx_it.c **** 
  50:Src/stm32f1xx_it.c **** /* Private function prototypes -----------------------------------------------*/
  51:Src/stm32f1xx_it.c **** /* USER CODE BEGIN PFP */
  52:Src/stm32f1xx_it.c **** 
  53:Src/stm32f1xx_it.c **** /* USER CODE END PFP */
  54:Src/stm32f1xx_it.c **** 
  55:Src/stm32f1xx_it.c **** /* Private user code ---------------------------------------------------------*/
  56:Src/stm32f1xx_it.c **** /* USER CODE BEGIN 0 */
  57:Src/stm32f1xx_it.c **** 
  58:Src/stm32f1xx_it.c **** /* USER CODE END 0 */
  59:Src/stm32f1xx_it.c **** 
  60:Src/stm32f1xx_it.c **** /* External variables --------------------------------------------------------*/
  61:Src/stm32f1xx_it.c **** extern DMA_HandleTypeDef hdma_usart1_rx;
  62:Src/stm32f1xx_it.c **** extern DMA_HandleTypeDef hdma_usart1_tx;
  63:Src/stm32f1xx_it.c **** extern UART_HandleTypeDef huart1;
  64:Src/stm32f1xx_it.c **** extern TIM_HandleTypeDef htim4;
  65:Src/stm32f1xx_it.c **** 
  66:Src/stm32f1xx_it.c **** /* USER CODE BEGIN EV */
  67:Src/stm32f1xx_it.c **** 
  68:Src/stm32f1xx_it.c **** /* USER CODE END EV */
  69:Src/stm32f1xx_it.c **** 
  70:Src/stm32f1xx_it.c **** /******************************************************************************/
  71:Src/stm32f1xx_it.c **** /*           Cortex-M3 Processor Interruption and Exception Handlers          */ 
  72:Src/stm32f1xx_it.c **** /******************************************************************************/
  73:Src/stm32f1xx_it.c **** /**
  74:Src/stm32f1xx_it.c ****   * @brief This function handles Non maskable interrupt.
  75:Src/stm32f1xx_it.c ****   */
  76:Src/stm32f1xx_it.c **** void NMI_Handler(void)
  77:Src/stm32f1xx_it.c **** {
  27              		.loc 1 77 1 view -0
  28              		.cfi_startproc
  29              		@ args = 0, pretend = 0, frame = 0
  30              		@ frame_needed = 0, uses_anonymous_args = 0
  31              		@ link register save eliminated.
  78:Src/stm32f1xx_it.c ****   /* USER CODE BEGIN NonMaskableInt_IRQn 0 */
  79:Src/stm32f1xx_it.c **** 
  80:Src/stm32f1xx_it.c ****   /* USER CODE END NonMaskableInt_IRQn 0 */
  81:Src/stm32f1xx_it.c ****   /* USER CODE BEGIN NonMaskableInt_IRQn 1 */
  82:Src/stm32f1xx_it.c **** 
  83:Src/stm32f1xx_it.c ****   /* USER CODE END NonMaskableInt_IRQn 1 */
  84:Src/stm32f1xx_it.c **** }
ARM GAS  /var/folders/k8/xlf8xpxs1pdcp86t317gf5z40000gp/T//cc50Fsay.s 			page 3


  32              		.loc 1 84 1 view .LVU1
  33 0000 7047     		bx	lr
  34              		.cfi_endproc
  35              	.LFE69:
  37              		.section	.text.HardFault_Handler,"ax",%progbits
  38              		.align	1
  39              		.global	HardFault_Handler
  40              		.syntax unified
  41              		.thumb
  42              		.thumb_func
  43              		.fpu softvfp
  45              	HardFault_Handler:
  46              	.LFB70:
  85:Src/stm32f1xx_it.c **** 
  86:Src/stm32f1xx_it.c **** /**
  87:Src/stm32f1xx_it.c ****   * @brief This function handles Hard fault interrupt.
  88:Src/stm32f1xx_it.c ****   */
  89:Src/stm32f1xx_it.c **** void HardFault_Handler(void)
  90:Src/stm32f1xx_it.c **** {
  47              		.loc 1 90 1 view -0
  48              		.cfi_startproc
  49              		@ Volatile: function does not return.
  50              		@ args = 0, pretend = 0, frame = 0
  51              		@ frame_needed = 0, uses_anonymous_args = 0
  52              		@ link register save eliminated.
  53              	.L3:
  91:Src/stm32f1xx_it.c ****   /* USER CODE BEGIN HardFault_IRQn 0 */
  92:Src/stm32f1xx_it.c **** 
  93:Src/stm32f1xx_it.c ****   /* USER CODE END HardFault_IRQn 0 */
  94:Src/stm32f1xx_it.c ****   while (1)
  54              		.loc 1 94 3 discriminator 1 view .LVU3
  95:Src/stm32f1xx_it.c ****   {
  96:Src/stm32f1xx_it.c ****     /* USER CODE BEGIN W1_HardFault_IRQn 0 */
  97:Src/stm32f1xx_it.c ****     /* USER CODE END W1_HardFault_IRQn 0 */
  98:Src/stm32f1xx_it.c ****   }
  55              		.loc 1 98 3 discriminator 1 view .LVU4
  94:Src/stm32f1xx_it.c ****   {
  56              		.loc 1 94 9 discriminator 1 view .LVU5
  57 0000 FEE7     		b	.L3
  58              		.cfi_endproc
  59              	.LFE70:
  61              		.section	.text.MemManage_Handler,"ax",%progbits
  62              		.align	1
  63              		.global	MemManage_Handler
  64              		.syntax unified
  65              		.thumb
  66              		.thumb_func
  67              		.fpu softvfp
  69              	MemManage_Handler:
  70              	.LFB71:
  99:Src/stm32f1xx_it.c **** }
 100:Src/stm32f1xx_it.c **** 
 101:Src/stm32f1xx_it.c **** /**
 102:Src/stm32f1xx_it.c ****   * @brief This function handles Memory management fault.
 103:Src/stm32f1xx_it.c ****   */
 104:Src/stm32f1xx_it.c **** void MemManage_Handler(void)
 105:Src/stm32f1xx_it.c **** {
ARM GAS  /var/folders/k8/xlf8xpxs1pdcp86t317gf5z40000gp/T//cc50Fsay.s 			page 4


  71              		.loc 1 105 1 view -0
  72              		.cfi_startproc
  73              		@ Volatile: function does not return.
  74              		@ args = 0, pretend = 0, frame = 0
  75              		@ frame_needed = 0, uses_anonymous_args = 0
  76              		@ link register save eliminated.
  77              	.L5:
 106:Src/stm32f1xx_it.c ****   /* USER CODE BEGIN MemoryManagement_IRQn 0 */
 107:Src/stm32f1xx_it.c **** 
 108:Src/stm32f1xx_it.c ****   /* USER CODE END MemoryManagement_IRQn 0 */
 109:Src/stm32f1xx_it.c ****   while (1)
  78              		.loc 1 109 3 discriminator 1 view .LVU7
 110:Src/stm32f1xx_it.c ****   {
 111:Src/stm32f1xx_it.c ****     /* USER CODE BEGIN W1_MemoryManagement_IRQn 0 */
 112:Src/stm32f1xx_it.c ****     /* USER CODE END W1_MemoryManagement_IRQn 0 */
 113:Src/stm32f1xx_it.c ****   }
  79              		.loc 1 113 3 discriminator 1 view .LVU8
 109:Src/stm32f1xx_it.c ****   {
  80              		.loc 1 109 9 discriminator 1 view .LVU9
  81 0000 FEE7     		b	.L5
  82              		.cfi_endproc
  83              	.LFE71:
  85              		.section	.text.BusFault_Handler,"ax",%progbits
  86              		.align	1
  87              		.global	BusFault_Handler
  88              		.syntax unified
  89              		.thumb
  90              		.thumb_func
  91              		.fpu softvfp
  93              	BusFault_Handler:
  94              	.LFB72:
 114:Src/stm32f1xx_it.c **** }
 115:Src/stm32f1xx_it.c **** 
 116:Src/stm32f1xx_it.c **** /**
 117:Src/stm32f1xx_it.c ****   * @brief This function handles Prefetch fault, memory access fault.
 118:Src/stm32f1xx_it.c ****   */
 119:Src/stm32f1xx_it.c **** void BusFault_Handler(void)
 120:Src/stm32f1xx_it.c **** {
  95              		.loc 1 120 1 view -0
  96              		.cfi_startproc
  97              		@ Volatile: function does not return.
  98              		@ args = 0, pretend = 0, frame = 0
  99              		@ frame_needed = 0, uses_anonymous_args = 0
 100              		@ link register save eliminated.
 101              	.L7:
 121:Src/stm32f1xx_it.c ****   /* USER CODE BEGIN BusFault_IRQn 0 */
 122:Src/stm32f1xx_it.c **** 
 123:Src/stm32f1xx_it.c ****   /* USER CODE END BusFault_IRQn 0 */
 124:Src/stm32f1xx_it.c ****   while (1)
 102              		.loc 1 124 3 discriminator 1 view .LVU11
 125:Src/stm32f1xx_it.c ****   {
 126:Src/stm32f1xx_it.c ****     /* USER CODE BEGIN W1_BusFault_IRQn 0 */
 127:Src/stm32f1xx_it.c ****     /* USER CODE END W1_BusFault_IRQn 0 */
 128:Src/stm32f1xx_it.c ****   }
 103              		.loc 1 128 3 discriminator 1 view .LVU12
 124:Src/stm32f1xx_it.c ****   {
 104              		.loc 1 124 9 discriminator 1 view .LVU13
ARM GAS  /var/folders/k8/xlf8xpxs1pdcp86t317gf5z40000gp/T//cc50Fsay.s 			page 5


 105 0000 FEE7     		b	.L7
 106              		.cfi_endproc
 107              	.LFE72:
 109              		.section	.text.UsageFault_Handler,"ax",%progbits
 110              		.align	1
 111              		.global	UsageFault_Handler
 112              		.syntax unified
 113              		.thumb
 114              		.thumb_func
 115              		.fpu softvfp
 117              	UsageFault_Handler:
 118              	.LFB73:
 129:Src/stm32f1xx_it.c **** }
 130:Src/stm32f1xx_it.c **** 
 131:Src/stm32f1xx_it.c **** /**
 132:Src/stm32f1xx_it.c ****   * @brief This function handles Undefined instruction or illegal state.
 133:Src/stm32f1xx_it.c ****   */
 134:Src/stm32f1xx_it.c **** void UsageFault_Handler(void)
 135:Src/stm32f1xx_it.c **** {
 119              		.loc 1 135 1 view -0
 120              		.cfi_startproc
 121              		@ Volatile: function does not return.
 122              		@ args = 0, pretend = 0, frame = 0
 123              		@ frame_needed = 0, uses_anonymous_args = 0
 124              		@ link register save eliminated.
 125              	.L9:
 136:Src/stm32f1xx_it.c ****   /* USER CODE BEGIN UsageFault_IRQn 0 */
 137:Src/stm32f1xx_it.c **** 
 138:Src/stm32f1xx_it.c ****   /* USER CODE END UsageFault_IRQn 0 */
 139:Src/stm32f1xx_it.c ****   while (1)
 126              		.loc 1 139 3 discriminator 1 view .LVU15
 140:Src/stm32f1xx_it.c ****   {
 141:Src/stm32f1xx_it.c ****     /* USER CODE BEGIN W1_UsageFault_IRQn 0 */
 142:Src/stm32f1xx_it.c ****     /* USER CODE END W1_UsageFault_IRQn 0 */
 143:Src/stm32f1xx_it.c ****   }
 127              		.loc 1 143 3 discriminator 1 view .LVU16
 139:Src/stm32f1xx_it.c ****   {
 128              		.loc 1 139 9 discriminator 1 view .LVU17
 129 0000 FEE7     		b	.L9
 130              		.cfi_endproc
 131              	.LFE73:
 133              		.section	.text.DebugMon_Handler,"ax",%progbits
 134              		.align	1
 135              		.global	DebugMon_Handler
 136              		.syntax unified
 137              		.thumb
 138              		.thumb_func
 139              		.fpu softvfp
 141              	DebugMon_Handler:
 142              	.LFB74:
 144:Src/stm32f1xx_it.c **** }
 145:Src/stm32f1xx_it.c **** 
 146:Src/stm32f1xx_it.c **** /**
 147:Src/stm32f1xx_it.c ****   * @brief This function handles Debug monitor.
 148:Src/stm32f1xx_it.c ****   */
 149:Src/stm32f1xx_it.c **** void DebugMon_Handler(void)
 150:Src/stm32f1xx_it.c **** {
ARM GAS  /var/folders/k8/xlf8xpxs1pdcp86t317gf5z40000gp/T//cc50Fsay.s 			page 6


 143              		.loc 1 150 1 view -0
 144              		.cfi_startproc
 145              		@ args = 0, pretend = 0, frame = 0
 146              		@ frame_needed = 0, uses_anonymous_args = 0
 147              		@ link register save eliminated.
 151:Src/stm32f1xx_it.c ****   /* USER CODE BEGIN DebugMonitor_IRQn 0 */
 152:Src/stm32f1xx_it.c **** 
 153:Src/stm32f1xx_it.c ****   /* USER CODE END DebugMonitor_IRQn 0 */
 154:Src/stm32f1xx_it.c ****   /* USER CODE BEGIN DebugMonitor_IRQn 1 */
 155:Src/stm32f1xx_it.c **** 
 156:Src/stm32f1xx_it.c ****   /* USER CODE END DebugMonitor_IRQn 1 */
 157:Src/stm32f1xx_it.c **** }
 148              		.loc 1 157 1 view .LVU19
 149 0000 7047     		bx	lr
 150              		.cfi_endproc
 151              	.LFE74:
 153              		.section	.text.RCC_IRQHandler,"ax",%progbits
 154              		.align	1
 155              		.global	RCC_IRQHandler
 156              		.syntax unified
 157              		.thumb
 158              		.thumb_func
 159              		.fpu softvfp
 161              	RCC_IRQHandler:
 162              	.LFB75:
 158:Src/stm32f1xx_it.c **** 
 159:Src/stm32f1xx_it.c **** /******************************************************************************/
 160:Src/stm32f1xx_it.c **** /* STM32F1xx Peripheral Interrupt Handlers                                    */
 161:Src/stm32f1xx_it.c **** /* Add here the Interrupt Handlers for the used peripherals.                  */
 162:Src/stm32f1xx_it.c **** /* For the available peripheral interrupt handler names,                      */
 163:Src/stm32f1xx_it.c **** /* please refer to the startup file (startup_stm32f1xx.s).                    */
 164:Src/stm32f1xx_it.c **** /******************************************************************************/
 165:Src/stm32f1xx_it.c **** 
 166:Src/stm32f1xx_it.c **** /**
 167:Src/stm32f1xx_it.c ****   * @brief This function handles RCC global interrupt.
 168:Src/stm32f1xx_it.c ****   */
 169:Src/stm32f1xx_it.c **** void RCC_IRQHandler(void)
 170:Src/stm32f1xx_it.c **** {
 163              		.loc 1 170 1 view -0
 164              		.cfi_startproc
 165              		@ args = 0, pretend = 0, frame = 0
 166              		@ frame_needed = 0, uses_anonymous_args = 0
 167              		@ link register save eliminated.
 171:Src/stm32f1xx_it.c ****   /* USER CODE BEGIN RCC_IRQn 0 */
 172:Src/stm32f1xx_it.c **** 
 173:Src/stm32f1xx_it.c ****   /* USER CODE END RCC_IRQn 0 */
 174:Src/stm32f1xx_it.c ****   /* USER CODE BEGIN RCC_IRQn 1 */
 175:Src/stm32f1xx_it.c **** 
 176:Src/stm32f1xx_it.c ****   /* USER CODE END RCC_IRQn 1 */
 177:Src/stm32f1xx_it.c **** }
 168              		.loc 1 177 1 view .LVU21
 169 0000 7047     		bx	lr
 170              		.cfi_endproc
 171              	.LFE75:
 173              		.section	.text.DMA1_Channel4_IRQHandler,"ax",%progbits
 174              		.align	1
 175              		.global	DMA1_Channel4_IRQHandler
ARM GAS  /var/folders/k8/xlf8xpxs1pdcp86t317gf5z40000gp/T//cc50Fsay.s 			page 7


 176              		.syntax unified
 177              		.thumb
 178              		.thumb_func
 179              		.fpu softvfp
 181              	DMA1_Channel4_IRQHandler:
 182              	.LFB76:
 178:Src/stm32f1xx_it.c **** 
 179:Src/stm32f1xx_it.c **** /**
 180:Src/stm32f1xx_it.c ****   * @brief This function handles DMA1 channel4 global interrupt.
 181:Src/stm32f1xx_it.c ****   */
 182:Src/stm32f1xx_it.c **** void DMA1_Channel4_IRQHandler(void)
 183:Src/stm32f1xx_it.c **** {
 183              		.loc 1 183 1 view -0
 184              		.cfi_startproc
 185              		@ args = 0, pretend = 0, frame = 0
 186              		@ frame_needed = 0, uses_anonymous_args = 0
 187 0000 08B5     		push	{r3, lr}
 188              	.LCFI0:
 189              		.cfi_def_cfa_offset 8
 190              		.cfi_offset 3, -8
 191              		.cfi_offset 14, -4
 184:Src/stm32f1xx_it.c ****   /* USER CODE BEGIN DMA1_Channel4_IRQn 0 */
 185:Src/stm32f1xx_it.c **** 
 186:Src/stm32f1xx_it.c ****   /* USER CODE END DMA1_Channel4_IRQn 0 */
 187:Src/stm32f1xx_it.c ****   HAL_DMA_IRQHandler(&hdma_usart1_tx);
 192              		.loc 1 187 3 view .LVU23
 193 0002 0248     		ldr	r0, .L14
 194 0004 FFF7FEFF 		bl	HAL_DMA_IRQHandler
 195              	.LVL0:
 188:Src/stm32f1xx_it.c ****   /* USER CODE BEGIN DMA1_Channel4_IRQn 1 */
 189:Src/stm32f1xx_it.c **** 
 190:Src/stm32f1xx_it.c ****   /* USER CODE END DMA1_Channel4_IRQn 1 */
 191:Src/stm32f1xx_it.c **** }
 196              		.loc 1 191 1 is_stmt 0 view .LVU24
 197 0008 08BD     		pop	{r3, pc}
 198              	.L15:
 199 000a 00BF     		.align	2
 200              	.L14:
 201 000c 00000000 		.word	hdma_usart1_tx
 202              		.cfi_endproc
 203              	.LFE76:
 205              		.section	.text.DMA1_Channel5_IRQHandler,"ax",%progbits
 206              		.align	1
 207              		.global	DMA1_Channel5_IRQHandler
 208              		.syntax unified
 209              		.thumb
 210              		.thumb_func
 211              		.fpu softvfp
 213              	DMA1_Channel5_IRQHandler:
 214              	.LFB77:
 192:Src/stm32f1xx_it.c **** 
 193:Src/stm32f1xx_it.c **** /**
 194:Src/stm32f1xx_it.c ****   * @brief This function handles DMA1 channel5 global interrupt.
 195:Src/stm32f1xx_it.c ****   */
 196:Src/stm32f1xx_it.c **** void DMA1_Channel5_IRQHandler(void)
 197:Src/stm32f1xx_it.c **** {
 215              		.loc 1 197 1 is_stmt 1 view -0
ARM GAS  /var/folders/k8/xlf8xpxs1pdcp86t317gf5z40000gp/T//cc50Fsay.s 			page 8


 216              		.cfi_startproc
 217              		@ args = 0, pretend = 0, frame = 0
 218              		@ frame_needed = 0, uses_anonymous_args = 0
 219 0000 08B5     		push	{r3, lr}
 220              	.LCFI1:
 221              		.cfi_def_cfa_offset 8
 222              		.cfi_offset 3, -8
 223              		.cfi_offset 14, -4
 198:Src/stm32f1xx_it.c ****   /* USER CODE BEGIN DMA1_Channel5_IRQn 0 */
 199:Src/stm32f1xx_it.c **** 
 200:Src/stm32f1xx_it.c ****   /* USER CODE END DMA1_Channel5_IRQn 0 */
 201:Src/stm32f1xx_it.c ****   HAL_DMA_IRQHandler(&hdma_usart1_rx);
 224              		.loc 1 201 3 view .LVU26
 225 0002 0248     		ldr	r0, .L18
 226 0004 FFF7FEFF 		bl	HAL_DMA_IRQHandler
 227              	.LVL1:
 202:Src/stm32f1xx_it.c ****   /* USER CODE BEGIN DMA1_Channel5_IRQn 1 */
 203:Src/stm32f1xx_it.c **** 
 204:Src/stm32f1xx_it.c ****   /* USER CODE END DMA1_Channel5_IRQn 1 */
 205:Src/stm32f1xx_it.c **** }
 228              		.loc 1 205 1 is_stmt 0 view .LVU27
 229 0008 08BD     		pop	{r3, pc}
 230              	.L19:
 231 000a 00BF     		.align	2
 232              	.L18:
 233 000c 00000000 		.word	hdma_usart1_rx
 234              		.cfi_endproc
 235              	.LFE77:
 237              		.section	.text.TIM4_IRQHandler,"ax",%progbits
 238              		.align	1
 239              		.global	TIM4_IRQHandler
 240              		.syntax unified
 241              		.thumb
 242              		.thumb_func
 243              		.fpu softvfp
 245              	TIM4_IRQHandler:
 246              	.LFB78:
 206:Src/stm32f1xx_it.c **** 
 207:Src/stm32f1xx_it.c **** /**
 208:Src/stm32f1xx_it.c ****   * @brief This function handles TIM4 global interrupt.
 209:Src/stm32f1xx_it.c ****   */
 210:Src/stm32f1xx_it.c **** void TIM4_IRQHandler(void)
 211:Src/stm32f1xx_it.c **** {
 247              		.loc 1 211 1 is_stmt 1 view -0
 248              		.cfi_startproc
 249              		@ args = 0, pretend = 0, frame = 0
 250              		@ frame_needed = 0, uses_anonymous_args = 0
 251 0000 08B5     		push	{r3, lr}
 252              	.LCFI2:
 253              		.cfi_def_cfa_offset 8
 254              		.cfi_offset 3, -8
 255              		.cfi_offset 14, -4
 212:Src/stm32f1xx_it.c ****   /* USER CODE BEGIN TIM4_IRQn 0 */
 213:Src/stm32f1xx_it.c **** 
 214:Src/stm32f1xx_it.c ****   /* USER CODE END TIM4_IRQn 0 */
 215:Src/stm32f1xx_it.c ****   HAL_TIM_IRQHandler(&htim4);
 256              		.loc 1 215 3 view .LVU29
ARM GAS  /var/folders/k8/xlf8xpxs1pdcp86t317gf5z40000gp/T//cc50Fsay.s 			page 9


 257 0002 0248     		ldr	r0, .L22
 258 0004 FFF7FEFF 		bl	HAL_TIM_IRQHandler
 259              	.LVL2:
 216:Src/stm32f1xx_it.c ****   /* USER CODE BEGIN TIM4_IRQn 1 */
 217:Src/stm32f1xx_it.c **** 
 218:Src/stm32f1xx_it.c ****   /* USER CODE END TIM4_IRQn 1 */
 219:Src/stm32f1xx_it.c **** }
 260              		.loc 1 219 1 is_stmt 0 view .LVU30
 261 0008 08BD     		pop	{r3, pc}
 262              	.L23:
 263 000a 00BF     		.align	2
 264              	.L22:
 265 000c 00000000 		.word	htim4
 266              		.cfi_endproc
 267              	.LFE78:
 269              		.section	.text.USART1_IRQHandler,"ax",%progbits
 270              		.align	1
 271              		.global	USART1_IRQHandler
 272              		.syntax unified
 273              		.thumb
 274              		.thumb_func
 275              		.fpu softvfp
 277              	USART1_IRQHandler:
 278              	.LFB79:
 220:Src/stm32f1xx_it.c **** 
 221:Src/stm32f1xx_it.c **** /**
 222:Src/stm32f1xx_it.c ****   * @brief This function handles USART1 global interrupt.
 223:Src/stm32f1xx_it.c ****   */
 224:Src/stm32f1xx_it.c **** void USART1_IRQHandler(void)
 225:Src/stm32f1xx_it.c **** {
 279              		.loc 1 225 1 is_stmt 1 view -0
 280              		.cfi_startproc
 281              		@ args = 0, pretend = 0, frame = 0
 282              		@ frame_needed = 0, uses_anonymous_args = 0
 283 0000 08B5     		push	{r3, lr}
 284              	.LCFI3:
 285              		.cfi_def_cfa_offset 8
 286              		.cfi_offset 3, -8
 287              		.cfi_offset 14, -4
 226:Src/stm32f1xx_it.c ****   /* USER CODE BEGIN USART1_IRQn 0 */
 227:Src/stm32f1xx_it.c **** 
 228:Src/stm32f1xx_it.c ****   /* USER CODE END USART1_IRQn 0 */
 229:Src/stm32f1xx_it.c ****   HAL_UART_IRQHandler(&huart1);
 288              		.loc 1 229 3 view .LVU32
 289 0002 0248     		ldr	r0, .L26
 290 0004 FFF7FEFF 		bl	HAL_UART_IRQHandler
 291              	.LVL3:
 230:Src/stm32f1xx_it.c ****   /* USER CODE BEGIN USART1_IRQn 1 */
 231:Src/stm32f1xx_it.c **** 
 232:Src/stm32f1xx_it.c ****   /* USER CODE END USART1_IRQn 1 */
 233:Src/stm32f1xx_it.c **** }
 292              		.loc 1 233 1 is_stmt 0 view .LVU33
 293 0008 08BD     		pop	{r3, pc}
 294              	.L27:
 295 000a 00BF     		.align	2
 296              	.L26:
 297 000c 00000000 		.word	huart1
ARM GAS  /var/folders/k8/xlf8xpxs1pdcp86t317gf5z40000gp/T//cc50Fsay.s 			page 10


 298              		.cfi_endproc
 299              	.LFE79:
 301              		.text
 302              	.Letext0:
 303              		.file 2 "/usr/local/Caskroom/gcc-arm-embedded/9-2019-q4-major/gcc-arm-none-eabi-9-2019-q4-major/ar
 304              		.file 3 "/usr/local/Caskroom/gcc-arm-embedded/9-2019-q4-major/gcc-arm-none-eabi-9-2019-q4-major/ar
 305              		.file 4 "Drivers/CMSIS/Include/core_cm3.h"
 306              		.file 5 "Drivers/CMSIS/Device/ST/STM32F1xx/Include/system_stm32f1xx.h"
 307              		.file 6 "Drivers/CMSIS/Device/ST/STM32F1xx/Include/stm32f103xb.h"
 308              		.file 7 "Drivers/STM32F1xx_HAL_Driver/Inc/stm32f1xx_hal_def.h"
 309              		.file 8 "Drivers/STM32F1xx_HAL_Driver/Inc/stm32f1xx_hal_dma.h"
 310              		.file 9 "Drivers/STM32F1xx_HAL_Driver/Inc/stm32f1xx_hal_tim.h"
 311              		.file 10 "Drivers/STM32F1xx_HAL_Driver/Inc/stm32f1xx_hal_uart.h"
 312              		.file 11 "Drivers/STM32F1xx_HAL_Driver/Inc/stm32f1xx_hal.h"
ARM GAS  /var/folders/k8/xlf8xpxs1pdcp86t317gf5z40000gp/T//cc50Fsay.s 			page 11


DEFINED SYMBOLS
                            *ABS*:0000000000000000 stm32f1xx_it.c
/var/folders/k8/xlf8xpxs1pdcp86t317gf5z40000gp/T//cc50Fsay.s:16     .text.NMI_Handler:0000000000000000 $t
/var/folders/k8/xlf8xpxs1pdcp86t317gf5z40000gp/T//cc50Fsay.s:24     .text.NMI_Handler:0000000000000000 NMI_Handler
/var/folders/k8/xlf8xpxs1pdcp86t317gf5z40000gp/T//cc50Fsay.s:38     .text.HardFault_Handler:0000000000000000 $t
/var/folders/k8/xlf8xpxs1pdcp86t317gf5z40000gp/T//cc50Fsay.s:45     .text.HardFault_Handler:0000000000000000 HardFault_Handler
/var/folders/k8/xlf8xpxs1pdcp86t317gf5z40000gp/T//cc50Fsay.s:62     .text.MemManage_Handler:0000000000000000 $t
/var/folders/k8/xlf8xpxs1pdcp86t317gf5z40000gp/T//cc50Fsay.s:69     .text.MemManage_Handler:0000000000000000 MemManage_Handler
/var/folders/k8/xlf8xpxs1pdcp86t317gf5z40000gp/T//cc50Fsay.s:86     .text.BusFault_Handler:0000000000000000 $t
/var/folders/k8/xlf8xpxs1pdcp86t317gf5z40000gp/T//cc50Fsay.s:93     .text.BusFault_Handler:0000000000000000 BusFault_Handler
/var/folders/k8/xlf8xpxs1pdcp86t317gf5z40000gp/T//cc50Fsay.s:110    .text.UsageFault_Handler:0000000000000000 $t
/var/folders/k8/xlf8xpxs1pdcp86t317gf5z40000gp/T//cc50Fsay.s:117    .text.UsageFault_Handler:0000000000000000 UsageFault_Handler
/var/folders/k8/xlf8xpxs1pdcp86t317gf5z40000gp/T//cc50Fsay.s:134    .text.DebugMon_Handler:0000000000000000 $t
/var/folders/k8/xlf8xpxs1pdcp86t317gf5z40000gp/T//cc50Fsay.s:141    .text.DebugMon_Handler:0000000000000000 DebugMon_Handler
/var/folders/k8/xlf8xpxs1pdcp86t317gf5z40000gp/T//cc50Fsay.s:154    .text.RCC_IRQHandler:0000000000000000 $t
/var/folders/k8/xlf8xpxs1pdcp86t317gf5z40000gp/T//cc50Fsay.s:161    .text.RCC_IRQHandler:0000000000000000 RCC_IRQHandler
/var/folders/k8/xlf8xpxs1pdcp86t317gf5z40000gp/T//cc50Fsay.s:174    .text.DMA1_Channel4_IRQHandler:0000000000000000 $t
/var/folders/k8/xlf8xpxs1pdcp86t317gf5z40000gp/T//cc50Fsay.s:181    .text.DMA1_Channel4_IRQHandler:0000000000000000 DMA1_Channel4_IRQHandler
/var/folders/k8/xlf8xpxs1pdcp86t317gf5z40000gp/T//cc50Fsay.s:201    .text.DMA1_Channel4_IRQHandler:000000000000000c $d
/var/folders/k8/xlf8xpxs1pdcp86t317gf5z40000gp/T//cc50Fsay.s:206    .text.DMA1_Channel5_IRQHandler:0000000000000000 $t
/var/folders/k8/xlf8xpxs1pdcp86t317gf5z40000gp/T//cc50Fsay.s:213    .text.DMA1_Channel5_IRQHandler:0000000000000000 DMA1_Channel5_IRQHandler
/var/folders/k8/xlf8xpxs1pdcp86t317gf5z40000gp/T//cc50Fsay.s:233    .text.DMA1_Channel5_IRQHandler:000000000000000c $d
/var/folders/k8/xlf8xpxs1pdcp86t317gf5z40000gp/T//cc50Fsay.s:238    .text.TIM4_IRQHandler:0000000000000000 $t
/var/folders/k8/xlf8xpxs1pdcp86t317gf5z40000gp/T//cc50Fsay.s:245    .text.TIM4_IRQHandler:0000000000000000 TIM4_IRQHandler
/var/folders/k8/xlf8xpxs1pdcp86t317gf5z40000gp/T//cc50Fsay.s:265    .text.TIM4_IRQHandler:000000000000000c $d
/var/folders/k8/xlf8xpxs1pdcp86t317gf5z40000gp/T//cc50Fsay.s:270    .text.USART1_IRQHandler:0000000000000000 $t
/var/folders/k8/xlf8xpxs1pdcp86t317gf5z40000gp/T//cc50Fsay.s:277    .text.USART1_IRQHandler:0000000000000000 USART1_IRQHandler
/var/folders/k8/xlf8xpxs1pdcp86t317gf5z40000gp/T//cc50Fsay.s:297    .text.USART1_IRQHandler:000000000000000c $d

UNDEFINED SYMBOLS
HAL_DMA_IRQHandler
hdma_usart1_tx
hdma_usart1_rx
HAL_TIM_IRQHandler
htim4
HAL_UART_IRQHandler
huart1
