ARM GAS  /var/folders/k8/xlf8xpxs1pdcp86t317gf5z40000gp/T//ccc71LJJ.s 			page 1


   1              		.cpu cortex-m3
   2              		.eabi_attribute 20, 1
   3              		.eabi_attribute 21, 1
   4              		.eabi_attribute 23, 3
   5              		.eabi_attribute 24, 1
   6              		.eabi_attribute 25, 1
   7              		.eabi_attribute 26, 1
   8              		.eabi_attribute 30, 1
   9              		.eabi_attribute 34, 1
  10              		.eabi_attribute 18, 4
  11              		.file	"stm32f1xx_hal_msp.c"
  12              		.text
  13              	.Ltext0:
  14              		.cfi_sections	.debug_frame
  15              		.section	.text.HAL_MspInit,"ax",%progbits
  16              		.align	1
  17              		.global	HAL_MspInit
  18              		.arch armv7-m
  19              		.syntax unified
  20              		.thumb
  21              		.thumb_func
  22              		.fpu softvfp
  24              	HAL_MspInit:
  25              	.LFB65:
  26              		.file 1 "Src/stm32f1xx_hal_msp.c"
   1:Src/stm32f1xx_hal_msp.c **** /* USER CODE BEGIN Header */
   2:Src/stm32f1xx_hal_msp.c **** /**
   3:Src/stm32f1xx_hal_msp.c ****   ******************************************************************************
   4:Src/stm32f1xx_hal_msp.c ****   * File Name          : stm32f1xx_hal_msp.c
   5:Src/stm32f1xx_hal_msp.c ****   * Description        : This file provides code for the MSP Initialization 
   6:Src/stm32f1xx_hal_msp.c ****   *                      and de-Initialization codes.
   7:Src/stm32f1xx_hal_msp.c ****   ******************************************************************************
   8:Src/stm32f1xx_hal_msp.c ****   * @attention
   9:Src/stm32f1xx_hal_msp.c ****   *
  10:Src/stm32f1xx_hal_msp.c ****   * <h2><center>&copy; Copyright (c) 2020 STMicroelectronics.
  11:Src/stm32f1xx_hal_msp.c ****   * All rights reserved.</center></h2>
  12:Src/stm32f1xx_hal_msp.c ****   *
  13:Src/stm32f1xx_hal_msp.c ****   * This software component is licensed by ST under BSD 3-Clause license,
  14:Src/stm32f1xx_hal_msp.c ****   * the "License"; You may not use this file except in compliance with the
  15:Src/stm32f1xx_hal_msp.c ****   * License. You may obtain a copy of the License at:
  16:Src/stm32f1xx_hal_msp.c ****   *                        opensource.org/licenses/BSD-3-Clause
  17:Src/stm32f1xx_hal_msp.c ****   *
  18:Src/stm32f1xx_hal_msp.c ****   ******************************************************************************
  19:Src/stm32f1xx_hal_msp.c ****   */
  20:Src/stm32f1xx_hal_msp.c **** /* USER CODE END Header */
  21:Src/stm32f1xx_hal_msp.c **** 
  22:Src/stm32f1xx_hal_msp.c **** /* Includes ------------------------------------------------------------------*/
  23:Src/stm32f1xx_hal_msp.c **** #include "main.h"
  24:Src/stm32f1xx_hal_msp.c **** /* USER CODE BEGIN Includes */
  25:Src/stm32f1xx_hal_msp.c **** 
  26:Src/stm32f1xx_hal_msp.c **** /* USER CODE END Includes */
  27:Src/stm32f1xx_hal_msp.c **** 
  28:Src/stm32f1xx_hal_msp.c **** /* Private typedef -----------------------------------------------------------*/
  29:Src/stm32f1xx_hal_msp.c **** /* USER CODE BEGIN TD */
  30:Src/stm32f1xx_hal_msp.c **** 
  31:Src/stm32f1xx_hal_msp.c **** /* USER CODE END TD */
  32:Src/stm32f1xx_hal_msp.c **** 
ARM GAS  /var/folders/k8/xlf8xpxs1pdcp86t317gf5z40000gp/T//ccc71LJJ.s 			page 2


  33:Src/stm32f1xx_hal_msp.c **** /* Private define ------------------------------------------------------------*/
  34:Src/stm32f1xx_hal_msp.c **** /* USER CODE BEGIN Define */
  35:Src/stm32f1xx_hal_msp.c ****  
  36:Src/stm32f1xx_hal_msp.c **** /* USER CODE END Define */
  37:Src/stm32f1xx_hal_msp.c **** 
  38:Src/stm32f1xx_hal_msp.c **** /* Private macro -------------------------------------------------------------*/
  39:Src/stm32f1xx_hal_msp.c **** /* USER CODE BEGIN Macro */
  40:Src/stm32f1xx_hal_msp.c **** 
  41:Src/stm32f1xx_hal_msp.c **** /* USER CODE END Macro */
  42:Src/stm32f1xx_hal_msp.c **** 
  43:Src/stm32f1xx_hal_msp.c **** /* Private variables ---------------------------------------------------------*/
  44:Src/stm32f1xx_hal_msp.c **** /* USER CODE BEGIN PV */
  45:Src/stm32f1xx_hal_msp.c **** 
  46:Src/stm32f1xx_hal_msp.c **** /* USER CODE END PV */
  47:Src/stm32f1xx_hal_msp.c **** 
  48:Src/stm32f1xx_hal_msp.c **** /* Private function prototypes -----------------------------------------------*/
  49:Src/stm32f1xx_hal_msp.c **** /* USER CODE BEGIN PFP */
  50:Src/stm32f1xx_hal_msp.c **** 
  51:Src/stm32f1xx_hal_msp.c **** /* USER CODE END PFP */
  52:Src/stm32f1xx_hal_msp.c **** 
  53:Src/stm32f1xx_hal_msp.c **** /* External functions --------------------------------------------------------*/
  54:Src/stm32f1xx_hal_msp.c **** /* USER CODE BEGIN ExternalFunctions */
  55:Src/stm32f1xx_hal_msp.c **** 
  56:Src/stm32f1xx_hal_msp.c **** /* USER CODE END ExternalFunctions */
  57:Src/stm32f1xx_hal_msp.c **** 
  58:Src/stm32f1xx_hal_msp.c **** /* USER CODE BEGIN 0 */
  59:Src/stm32f1xx_hal_msp.c **** 
  60:Src/stm32f1xx_hal_msp.c **** /* USER CODE END 0 */
  61:Src/stm32f1xx_hal_msp.c **** /**
  62:Src/stm32f1xx_hal_msp.c ****   * Initializes the Global MSP.
  63:Src/stm32f1xx_hal_msp.c ****   */
  64:Src/stm32f1xx_hal_msp.c **** void HAL_MspInit(void)
  65:Src/stm32f1xx_hal_msp.c **** {
  27              		.loc 1 65 1 view -0
  28              		.cfi_startproc
  29              		@ args = 0, pretend = 0, frame = 8
  30              		@ frame_needed = 0, uses_anonymous_args = 0
  31 0000 00B5     		push	{lr}
  32              	.LCFI0:
  33              		.cfi_def_cfa_offset 4
  34              		.cfi_offset 14, -4
  35 0002 83B0     		sub	sp, sp, #12
  36              	.LCFI1:
  37              		.cfi_def_cfa_offset 16
  66:Src/stm32f1xx_hal_msp.c ****   /* USER CODE BEGIN MspInit 0 */
  67:Src/stm32f1xx_hal_msp.c **** 
  68:Src/stm32f1xx_hal_msp.c ****   /* USER CODE END MspInit 0 */
  69:Src/stm32f1xx_hal_msp.c **** 
  70:Src/stm32f1xx_hal_msp.c ****   __HAL_RCC_AFIO_CLK_ENABLE();
  38              		.loc 1 70 3 view .LVU1
  39              	.LBB2:
  40              		.loc 1 70 3 view .LVU2
  41              		.loc 1 70 3 view .LVU3
  42 0004 154B     		ldr	r3, .L3
  43 0006 9A69     		ldr	r2, [r3, #24]
  44 0008 42F00102 		orr	r2, r2, #1
  45 000c 9A61     		str	r2, [r3, #24]
ARM GAS  /var/folders/k8/xlf8xpxs1pdcp86t317gf5z40000gp/T//ccc71LJJ.s 			page 3


  46              		.loc 1 70 3 view .LVU4
  47 000e 9A69     		ldr	r2, [r3, #24]
  48 0010 02F00102 		and	r2, r2, #1
  49 0014 0092     		str	r2, [sp]
  50              		.loc 1 70 3 view .LVU5
  51 0016 009A     		ldr	r2, [sp]
  52              	.LBE2:
  53              		.loc 1 70 3 view .LVU6
  71:Src/stm32f1xx_hal_msp.c ****   __HAL_RCC_PWR_CLK_ENABLE();
  54              		.loc 1 71 3 view .LVU7
  55              	.LBB3:
  56              		.loc 1 71 3 view .LVU8
  57              		.loc 1 71 3 view .LVU9
  58 0018 DA69     		ldr	r2, [r3, #28]
  59 001a 42F08052 		orr	r2, r2, #268435456
  60 001e DA61     		str	r2, [r3, #28]
  61              		.loc 1 71 3 view .LVU10
  62 0020 DB69     		ldr	r3, [r3, #28]
  63 0022 03F08053 		and	r3, r3, #268435456
  64 0026 0193     		str	r3, [sp, #4]
  65              		.loc 1 71 3 view .LVU11
  66 0028 019B     		ldr	r3, [sp, #4]
  67              	.LBE3:
  68              		.loc 1 71 3 view .LVU12
  72:Src/stm32f1xx_hal_msp.c **** 
  73:Src/stm32f1xx_hal_msp.c ****   /* System interrupt init*/
  74:Src/stm32f1xx_hal_msp.c ****   /* PendSV_IRQn interrupt configuration */
  75:Src/stm32f1xx_hal_msp.c ****   HAL_NVIC_SetPriority(PendSV_IRQn, 15, 0);
  69              		.loc 1 75 3 view .LVU13
  70 002a 0022     		movs	r2, #0
  71 002c 0F21     		movs	r1, #15
  72 002e 6FF00100 		mvn	r0, #1
  73 0032 FFF7FEFF 		bl	HAL_NVIC_SetPriority
  74              	.LVL0:
  76:Src/stm32f1xx_hal_msp.c **** 
  77:Src/stm32f1xx_hal_msp.c ****   /* Peripheral interrupt init */
  78:Src/stm32f1xx_hal_msp.c ****   /* RCC_IRQn interrupt configuration */
  79:Src/stm32f1xx_hal_msp.c ****   HAL_NVIC_SetPriority(RCC_IRQn, 5, 0);
  75              		.loc 1 79 3 view .LVU14
  76 0036 0022     		movs	r2, #0
  77 0038 0521     		movs	r1, #5
  78 003a 0846     		mov	r0, r1
  79 003c FFF7FEFF 		bl	HAL_NVIC_SetPriority
  80              	.LVL1:
  80:Src/stm32f1xx_hal_msp.c ****   HAL_NVIC_EnableIRQ(RCC_IRQn);
  81              		.loc 1 80 3 view .LVU15
  82 0040 0520     		movs	r0, #5
  83 0042 FFF7FEFF 		bl	HAL_NVIC_EnableIRQ
  84              	.LVL2:
  81:Src/stm32f1xx_hal_msp.c **** 
  82:Src/stm32f1xx_hal_msp.c ****   /** NOJTAG: JTAG-DP Disabled and SW-DP Enabled 
  83:Src/stm32f1xx_hal_msp.c ****   */
  84:Src/stm32f1xx_hal_msp.c ****   __HAL_AFIO_REMAP_SWJ_NOJTAG();
  85              		.loc 1 84 3 view .LVU16
  86              	.LBB4:
  87              		.loc 1 84 3 view .LVU17
  88 0046 064A     		ldr	r2, .L3+4
ARM GAS  /var/folders/k8/xlf8xpxs1pdcp86t317gf5z40000gp/T//ccc71LJJ.s 			page 4


  89 0048 5368     		ldr	r3, [r2, #4]
  90              	.LVL3:
  91              		.loc 1 84 3 view .LVU18
  92 004a 23F0E063 		bic	r3, r3, #117440512
  93              	.LVL4:
  94              		.loc 1 84 3 view .LVU19
  95 004e 43F00073 		orr	r3, r3, #33554432
  96              	.LVL5:
  97              		.loc 1 84 3 view .LVU20
  98 0052 5360     		str	r3, [r2, #4]
  99              	.LBE4:
 100              		.loc 1 84 3 view .LVU21
  85:Src/stm32f1xx_hal_msp.c **** 
  86:Src/stm32f1xx_hal_msp.c ****   /* USER CODE BEGIN MspInit 1 */
  87:Src/stm32f1xx_hal_msp.c **** 
  88:Src/stm32f1xx_hal_msp.c ****   /* USER CODE END MspInit 1 */
  89:Src/stm32f1xx_hal_msp.c **** }
 101              		.loc 1 89 1 is_stmt 0 view .LVU22
 102 0054 03B0     		add	sp, sp, #12
 103              	.LCFI2:
 104              		.cfi_def_cfa_offset 4
 105              		@ sp needed
 106 0056 5DF804FB 		ldr	pc, [sp], #4
 107              	.L4:
 108 005a 00BF     		.align	2
 109              	.L3:
 110 005c 00100240 		.word	1073876992
 111 0060 00000140 		.word	1073807360
 112              		.cfi_endproc
 113              	.LFE65:
 115              		.section	.text.HAL_SPI_MspInit,"ax",%progbits
 116              		.align	1
 117              		.global	HAL_SPI_MspInit
 118              		.syntax unified
 119              		.thumb
 120              		.thumb_func
 121              		.fpu softvfp
 123              	HAL_SPI_MspInit:
 124              	.LVL6:
 125              	.LFB66:
  90:Src/stm32f1xx_hal_msp.c **** 
  91:Src/stm32f1xx_hal_msp.c **** /**
  92:Src/stm32f1xx_hal_msp.c **** * @brief SPI MSP Initialization
  93:Src/stm32f1xx_hal_msp.c **** * This function configures the hardware resources used in this example
  94:Src/stm32f1xx_hal_msp.c **** * @param hspi: SPI handle pointer
  95:Src/stm32f1xx_hal_msp.c **** * @retval None
  96:Src/stm32f1xx_hal_msp.c **** */
  97:Src/stm32f1xx_hal_msp.c **** void HAL_SPI_MspInit(SPI_HandleTypeDef* hspi)
  98:Src/stm32f1xx_hal_msp.c **** {
 126              		.loc 1 98 1 is_stmt 1 view -0
 127              		.cfi_startproc
 128              		@ args = 0, pretend = 0, frame = 32
 129              		@ frame_needed = 0, uses_anonymous_args = 0
 130              		.loc 1 98 1 is_stmt 0 view .LVU24
 131 0000 30B5     		push	{r4, r5, lr}
 132              	.LCFI3:
 133              		.cfi_def_cfa_offset 12
ARM GAS  /var/folders/k8/xlf8xpxs1pdcp86t317gf5z40000gp/T//ccc71LJJ.s 			page 5


 134              		.cfi_offset 4, -12
 135              		.cfi_offset 5, -8
 136              		.cfi_offset 14, -4
 137 0002 89B0     		sub	sp, sp, #36
 138              	.LCFI4:
 139              		.cfi_def_cfa_offset 48
  99:Src/stm32f1xx_hal_msp.c ****   GPIO_InitTypeDef GPIO_InitStruct = {0};
 140              		.loc 1 99 3 is_stmt 1 view .LVU25
 141              		.loc 1 99 20 is_stmt 0 view .LVU26
 142 0004 0023     		movs	r3, #0
 143 0006 0493     		str	r3, [sp, #16]
 144 0008 0593     		str	r3, [sp, #20]
 145 000a 0693     		str	r3, [sp, #24]
 146 000c 0793     		str	r3, [sp, #28]
 100:Src/stm32f1xx_hal_msp.c ****   if(hspi->Instance==SPI1)
 147              		.loc 1 100 3 is_stmt 1 view .LVU27
 148              		.loc 1 100 10 is_stmt 0 view .LVU28
 149 000e 0368     		ldr	r3, [r0]
 150              		.loc 1 100 5 view .LVU29
 151 0010 344A     		ldr	r2, .L11
 152 0012 9342     		cmp	r3, r2
 153 0014 04D0     		beq	.L9
 101:Src/stm32f1xx_hal_msp.c ****   {
 102:Src/stm32f1xx_hal_msp.c ****   /* USER CODE BEGIN SPI1_MspInit 0 */
 103:Src/stm32f1xx_hal_msp.c **** 
 104:Src/stm32f1xx_hal_msp.c ****   /* USER CODE END SPI1_MspInit 0 */
 105:Src/stm32f1xx_hal_msp.c ****     /* Peripheral clock enable */
 106:Src/stm32f1xx_hal_msp.c ****     __HAL_RCC_SPI1_CLK_ENABLE();
 107:Src/stm32f1xx_hal_msp.c ****   
 108:Src/stm32f1xx_hal_msp.c ****     __HAL_RCC_GPIOA_CLK_ENABLE();
 109:Src/stm32f1xx_hal_msp.c ****     /**SPI1 GPIO Configuration    
 110:Src/stm32f1xx_hal_msp.c ****     PA5     ------> SPI1_SCK
 111:Src/stm32f1xx_hal_msp.c ****     PA6     ------> SPI1_MISO
 112:Src/stm32f1xx_hal_msp.c ****     PA7     ------> SPI1_MOSI 
 113:Src/stm32f1xx_hal_msp.c ****     */
 114:Src/stm32f1xx_hal_msp.c ****     GPIO_InitStruct.Pin = GPIO_PIN_5|GPIO_PIN_7;
 115:Src/stm32f1xx_hal_msp.c ****     GPIO_InitStruct.Mode = GPIO_MODE_AF_PP;
 116:Src/stm32f1xx_hal_msp.c ****     GPIO_InitStruct.Speed = GPIO_SPEED_FREQ_HIGH;
 117:Src/stm32f1xx_hal_msp.c ****     HAL_GPIO_Init(GPIOA, &GPIO_InitStruct);
 118:Src/stm32f1xx_hal_msp.c **** 
 119:Src/stm32f1xx_hal_msp.c ****     GPIO_InitStruct.Pin = GPIO_PIN_6;
 120:Src/stm32f1xx_hal_msp.c ****     GPIO_InitStruct.Mode = GPIO_MODE_INPUT;
 121:Src/stm32f1xx_hal_msp.c ****     GPIO_InitStruct.Pull = GPIO_NOPULL;
 122:Src/stm32f1xx_hal_msp.c ****     HAL_GPIO_Init(GPIOA, &GPIO_InitStruct);
 123:Src/stm32f1xx_hal_msp.c **** 
 124:Src/stm32f1xx_hal_msp.c ****     /* SPI1 interrupt Init */
 125:Src/stm32f1xx_hal_msp.c ****     HAL_NVIC_SetPriority(SPI1_IRQn, 5, 0);
 126:Src/stm32f1xx_hal_msp.c ****     HAL_NVIC_EnableIRQ(SPI1_IRQn);
 127:Src/stm32f1xx_hal_msp.c ****   /* USER CODE BEGIN SPI1_MspInit 1 */
 128:Src/stm32f1xx_hal_msp.c **** 
 129:Src/stm32f1xx_hal_msp.c ****   /* USER CODE END SPI1_MspInit 1 */
 130:Src/stm32f1xx_hal_msp.c ****   }
 131:Src/stm32f1xx_hal_msp.c ****   else if(hspi->Instance==SPI2)
 154              		.loc 1 131 8 is_stmt 1 view .LVU30
 155              		.loc 1 131 10 is_stmt 0 view .LVU31
 156 0016 344A     		ldr	r2, .L11+4
 157 0018 9342     		cmp	r3, r2
ARM GAS  /var/folders/k8/xlf8xpxs1pdcp86t317gf5z40000gp/T//ccc71LJJ.s 			page 6


 158 001a 31D0     		beq	.L10
 159              	.LVL7:
 160              	.L5:
 132:Src/stm32f1xx_hal_msp.c ****   {
 133:Src/stm32f1xx_hal_msp.c ****   /* USER CODE BEGIN SPI2_MspInit 0 */
 134:Src/stm32f1xx_hal_msp.c **** 
 135:Src/stm32f1xx_hal_msp.c ****   /* USER CODE END SPI2_MspInit 0 */
 136:Src/stm32f1xx_hal_msp.c ****     /* Peripheral clock enable */
 137:Src/stm32f1xx_hal_msp.c ****     __HAL_RCC_SPI2_CLK_ENABLE();
 138:Src/stm32f1xx_hal_msp.c ****   
 139:Src/stm32f1xx_hal_msp.c ****     __HAL_RCC_GPIOB_CLK_ENABLE();
 140:Src/stm32f1xx_hal_msp.c ****     /**SPI2 GPIO Configuration    
 141:Src/stm32f1xx_hal_msp.c ****     PB13     ------> SPI2_SCK
 142:Src/stm32f1xx_hal_msp.c ****     PB14     ------> SPI2_MISO
 143:Src/stm32f1xx_hal_msp.c ****     PB15     ------> SPI2_MOSI 
 144:Src/stm32f1xx_hal_msp.c ****     */
 145:Src/stm32f1xx_hal_msp.c ****     GPIO_InitStruct.Pin = GPIO_PIN_13|GPIO_PIN_15;
 146:Src/stm32f1xx_hal_msp.c ****     GPIO_InitStruct.Mode = GPIO_MODE_AF_PP;
 147:Src/stm32f1xx_hal_msp.c ****     GPIO_InitStruct.Speed = GPIO_SPEED_FREQ_HIGH;
 148:Src/stm32f1xx_hal_msp.c ****     HAL_GPIO_Init(GPIOB, &GPIO_InitStruct);
 149:Src/stm32f1xx_hal_msp.c **** 
 150:Src/stm32f1xx_hal_msp.c ****     GPIO_InitStruct.Pin = GPIO_PIN_14;
 151:Src/stm32f1xx_hal_msp.c ****     GPIO_InitStruct.Mode = GPIO_MODE_INPUT;
 152:Src/stm32f1xx_hal_msp.c ****     GPIO_InitStruct.Pull = GPIO_NOPULL;
 153:Src/stm32f1xx_hal_msp.c ****     HAL_GPIO_Init(GPIOB, &GPIO_InitStruct);
 154:Src/stm32f1xx_hal_msp.c **** 
 155:Src/stm32f1xx_hal_msp.c ****     /* SPI2 interrupt Init */
 156:Src/stm32f1xx_hal_msp.c ****     HAL_NVIC_SetPriority(SPI2_IRQn, 5, 0);
 157:Src/stm32f1xx_hal_msp.c ****     HAL_NVIC_EnableIRQ(SPI2_IRQn);
 158:Src/stm32f1xx_hal_msp.c ****   /* USER CODE BEGIN SPI2_MspInit 1 */
 159:Src/stm32f1xx_hal_msp.c **** 
 160:Src/stm32f1xx_hal_msp.c ****   /* USER CODE END SPI2_MspInit 1 */
 161:Src/stm32f1xx_hal_msp.c ****   }
 162:Src/stm32f1xx_hal_msp.c **** 
 163:Src/stm32f1xx_hal_msp.c **** }
 161              		.loc 1 163 1 view .LVU32
 162 001c 09B0     		add	sp, sp, #36
 163              	.LCFI5:
 164              		.cfi_remember_state
 165              		.cfi_def_cfa_offset 12
 166              		@ sp needed
 167 001e 30BD     		pop	{r4, r5, pc}
 168              	.LVL8:
 169              	.L9:
 170              	.LCFI6:
 171              		.cfi_restore_state
 106:Src/stm32f1xx_hal_msp.c ****   
 172              		.loc 1 106 5 is_stmt 1 view .LVU33
 173              	.LBB5:
 106:Src/stm32f1xx_hal_msp.c ****   
 174              		.loc 1 106 5 view .LVU34
 106:Src/stm32f1xx_hal_msp.c ****   
 175              		.loc 1 106 5 view .LVU35
 176 0020 324B     		ldr	r3, .L11+8
 177 0022 9A69     		ldr	r2, [r3, #24]
 178 0024 42F48052 		orr	r2, r2, #4096
 179 0028 9A61     		str	r2, [r3, #24]
ARM GAS  /var/folders/k8/xlf8xpxs1pdcp86t317gf5z40000gp/T//ccc71LJJ.s 			page 7


 106:Src/stm32f1xx_hal_msp.c ****   
 180              		.loc 1 106 5 view .LVU36
 181 002a 9A69     		ldr	r2, [r3, #24]
 182 002c 02F48052 		and	r2, r2, #4096
 183 0030 0092     		str	r2, [sp]
 106:Src/stm32f1xx_hal_msp.c ****   
 184              		.loc 1 106 5 view .LVU37
 185 0032 009A     		ldr	r2, [sp]
 186              	.LBE5:
 106:Src/stm32f1xx_hal_msp.c ****   
 187              		.loc 1 106 5 view .LVU38
 108:Src/stm32f1xx_hal_msp.c ****     /**SPI1 GPIO Configuration    
 188              		.loc 1 108 5 view .LVU39
 189              	.LBB6:
 108:Src/stm32f1xx_hal_msp.c ****     /**SPI1 GPIO Configuration    
 190              		.loc 1 108 5 view .LVU40
 108:Src/stm32f1xx_hal_msp.c ****     /**SPI1 GPIO Configuration    
 191              		.loc 1 108 5 view .LVU41
 192 0034 9A69     		ldr	r2, [r3, #24]
 193 0036 42F00402 		orr	r2, r2, #4
 194 003a 9A61     		str	r2, [r3, #24]
 108:Src/stm32f1xx_hal_msp.c ****     /**SPI1 GPIO Configuration    
 195              		.loc 1 108 5 view .LVU42
 196 003c 9B69     		ldr	r3, [r3, #24]
 197 003e 03F00403 		and	r3, r3, #4
 198 0042 0193     		str	r3, [sp, #4]
 108:Src/stm32f1xx_hal_msp.c ****     /**SPI1 GPIO Configuration    
 199              		.loc 1 108 5 view .LVU43
 200 0044 019B     		ldr	r3, [sp, #4]
 201              	.LBE6:
 108:Src/stm32f1xx_hal_msp.c ****     /**SPI1 GPIO Configuration    
 202              		.loc 1 108 5 view .LVU44
 114:Src/stm32f1xx_hal_msp.c ****     GPIO_InitStruct.Mode = GPIO_MODE_AF_PP;
 203              		.loc 1 114 5 view .LVU45
 114:Src/stm32f1xx_hal_msp.c ****     GPIO_InitStruct.Mode = GPIO_MODE_AF_PP;
 204              		.loc 1 114 25 is_stmt 0 view .LVU46
 205 0046 A023     		movs	r3, #160
 206 0048 0493     		str	r3, [sp, #16]
 115:Src/stm32f1xx_hal_msp.c ****     GPIO_InitStruct.Speed = GPIO_SPEED_FREQ_HIGH;
 207              		.loc 1 115 5 is_stmt 1 view .LVU47
 115:Src/stm32f1xx_hal_msp.c ****     GPIO_InitStruct.Speed = GPIO_SPEED_FREQ_HIGH;
 208              		.loc 1 115 26 is_stmt 0 view .LVU48
 209 004a 0223     		movs	r3, #2
 210 004c 0593     		str	r3, [sp, #20]
 116:Src/stm32f1xx_hal_msp.c ****     HAL_GPIO_Init(GPIOA, &GPIO_InitStruct);
 211              		.loc 1 116 5 is_stmt 1 view .LVU49
 116:Src/stm32f1xx_hal_msp.c ****     HAL_GPIO_Init(GPIOA, &GPIO_InitStruct);
 212              		.loc 1 116 27 is_stmt 0 view .LVU50
 213 004e 0323     		movs	r3, #3
 214 0050 0793     		str	r3, [sp, #28]
 117:Src/stm32f1xx_hal_msp.c **** 
 215              		.loc 1 117 5 is_stmt 1 view .LVU51
 216 0052 274D     		ldr	r5, .L11+12
 217 0054 04A9     		add	r1, sp, #16
 218 0056 2846     		mov	r0, r5
 219              	.LVL9:
 117:Src/stm32f1xx_hal_msp.c **** 
ARM GAS  /var/folders/k8/xlf8xpxs1pdcp86t317gf5z40000gp/T//ccc71LJJ.s 			page 8


 220              		.loc 1 117 5 is_stmt 0 view .LVU52
 221 0058 FFF7FEFF 		bl	HAL_GPIO_Init
 222              	.LVL10:
 119:Src/stm32f1xx_hal_msp.c ****     GPIO_InitStruct.Mode = GPIO_MODE_INPUT;
 223              		.loc 1 119 5 is_stmt 1 view .LVU53
 119:Src/stm32f1xx_hal_msp.c ****     GPIO_InitStruct.Mode = GPIO_MODE_INPUT;
 224              		.loc 1 119 25 is_stmt 0 view .LVU54
 225 005c 4023     		movs	r3, #64
 226 005e 0493     		str	r3, [sp, #16]
 120:Src/stm32f1xx_hal_msp.c ****     GPIO_InitStruct.Pull = GPIO_NOPULL;
 227              		.loc 1 120 5 is_stmt 1 view .LVU55
 120:Src/stm32f1xx_hal_msp.c ****     GPIO_InitStruct.Pull = GPIO_NOPULL;
 228              		.loc 1 120 26 is_stmt 0 view .LVU56
 229 0060 0024     		movs	r4, #0
 230 0062 0594     		str	r4, [sp, #20]
 121:Src/stm32f1xx_hal_msp.c ****     HAL_GPIO_Init(GPIOA, &GPIO_InitStruct);
 231              		.loc 1 121 5 is_stmt 1 view .LVU57
 121:Src/stm32f1xx_hal_msp.c ****     HAL_GPIO_Init(GPIOA, &GPIO_InitStruct);
 232              		.loc 1 121 26 is_stmt 0 view .LVU58
 233 0064 0694     		str	r4, [sp, #24]
 122:Src/stm32f1xx_hal_msp.c **** 
 234              		.loc 1 122 5 is_stmt 1 view .LVU59
 235 0066 04A9     		add	r1, sp, #16
 236 0068 2846     		mov	r0, r5
 237 006a FFF7FEFF 		bl	HAL_GPIO_Init
 238              	.LVL11:
 125:Src/stm32f1xx_hal_msp.c ****     HAL_NVIC_EnableIRQ(SPI1_IRQn);
 239              		.loc 1 125 5 view .LVU60
 240 006e 2246     		mov	r2, r4
 241 0070 0521     		movs	r1, #5
 242 0072 2320     		movs	r0, #35
 243 0074 FFF7FEFF 		bl	HAL_NVIC_SetPriority
 244              	.LVL12:
 126:Src/stm32f1xx_hal_msp.c ****   /* USER CODE BEGIN SPI1_MspInit 1 */
 245              		.loc 1 126 5 view .LVU61
 246 0078 2320     		movs	r0, #35
 247 007a FFF7FEFF 		bl	HAL_NVIC_EnableIRQ
 248              	.LVL13:
 249 007e CDE7     		b	.L5
 250              	.LVL14:
 251              	.L10:
 137:Src/stm32f1xx_hal_msp.c ****   
 252              		.loc 1 137 5 view .LVU62
 253              	.LBB7:
 137:Src/stm32f1xx_hal_msp.c ****   
 254              		.loc 1 137 5 view .LVU63
 137:Src/stm32f1xx_hal_msp.c ****   
 255              		.loc 1 137 5 view .LVU64
 256 0080 1A4B     		ldr	r3, .L11+8
 257 0082 DA69     		ldr	r2, [r3, #28]
 258 0084 42F48042 		orr	r2, r2, #16384
 259 0088 DA61     		str	r2, [r3, #28]
 137:Src/stm32f1xx_hal_msp.c ****   
 260              		.loc 1 137 5 view .LVU65
 261 008a DA69     		ldr	r2, [r3, #28]
 262 008c 02F48042 		and	r2, r2, #16384
 263 0090 0292     		str	r2, [sp, #8]
ARM GAS  /var/folders/k8/xlf8xpxs1pdcp86t317gf5z40000gp/T//ccc71LJJ.s 			page 9


 137:Src/stm32f1xx_hal_msp.c ****   
 264              		.loc 1 137 5 view .LVU66
 265 0092 029A     		ldr	r2, [sp, #8]
 266              	.LBE7:
 137:Src/stm32f1xx_hal_msp.c ****   
 267              		.loc 1 137 5 view .LVU67
 139:Src/stm32f1xx_hal_msp.c ****     /**SPI2 GPIO Configuration    
 268              		.loc 1 139 5 view .LVU68
 269              	.LBB8:
 139:Src/stm32f1xx_hal_msp.c ****     /**SPI2 GPIO Configuration    
 270              		.loc 1 139 5 view .LVU69
 139:Src/stm32f1xx_hal_msp.c ****     /**SPI2 GPIO Configuration    
 271              		.loc 1 139 5 view .LVU70
 272 0094 9A69     		ldr	r2, [r3, #24]
 273 0096 42F00802 		orr	r2, r2, #8
 274 009a 9A61     		str	r2, [r3, #24]
 139:Src/stm32f1xx_hal_msp.c ****     /**SPI2 GPIO Configuration    
 275              		.loc 1 139 5 view .LVU71
 276 009c 9B69     		ldr	r3, [r3, #24]
 277 009e 03F00803 		and	r3, r3, #8
 278 00a2 0393     		str	r3, [sp, #12]
 139:Src/stm32f1xx_hal_msp.c ****     /**SPI2 GPIO Configuration    
 279              		.loc 1 139 5 view .LVU72
 280 00a4 039B     		ldr	r3, [sp, #12]
 281              	.LBE8:
 139:Src/stm32f1xx_hal_msp.c ****     /**SPI2 GPIO Configuration    
 282              		.loc 1 139 5 view .LVU73
 145:Src/stm32f1xx_hal_msp.c ****     GPIO_InitStruct.Mode = GPIO_MODE_AF_PP;
 283              		.loc 1 145 5 view .LVU74
 145:Src/stm32f1xx_hal_msp.c ****     GPIO_InitStruct.Mode = GPIO_MODE_AF_PP;
 284              		.loc 1 145 25 is_stmt 0 view .LVU75
 285 00a6 4FF42043 		mov	r3, #40960
 286 00aa 0493     		str	r3, [sp, #16]
 146:Src/stm32f1xx_hal_msp.c ****     GPIO_InitStruct.Speed = GPIO_SPEED_FREQ_HIGH;
 287              		.loc 1 146 5 is_stmt 1 view .LVU76
 146:Src/stm32f1xx_hal_msp.c ****     GPIO_InitStruct.Speed = GPIO_SPEED_FREQ_HIGH;
 288              		.loc 1 146 26 is_stmt 0 view .LVU77
 289 00ac 0223     		movs	r3, #2
 290 00ae 0593     		str	r3, [sp, #20]
 147:Src/stm32f1xx_hal_msp.c ****     HAL_GPIO_Init(GPIOB, &GPIO_InitStruct);
 291              		.loc 1 147 5 is_stmt 1 view .LVU78
 147:Src/stm32f1xx_hal_msp.c ****     HAL_GPIO_Init(GPIOB, &GPIO_InitStruct);
 292              		.loc 1 147 27 is_stmt 0 view .LVU79
 293 00b0 0323     		movs	r3, #3
 294 00b2 0793     		str	r3, [sp, #28]
 148:Src/stm32f1xx_hal_msp.c **** 
 295              		.loc 1 148 5 is_stmt 1 view .LVU80
 296 00b4 0F4D     		ldr	r5, .L11+16
 297 00b6 04A9     		add	r1, sp, #16
 298 00b8 2846     		mov	r0, r5
 299              	.LVL15:
 148:Src/stm32f1xx_hal_msp.c **** 
 300              		.loc 1 148 5 is_stmt 0 view .LVU81
 301 00ba FFF7FEFF 		bl	HAL_GPIO_Init
 302              	.LVL16:
 150:Src/stm32f1xx_hal_msp.c ****     GPIO_InitStruct.Mode = GPIO_MODE_INPUT;
 303              		.loc 1 150 5 is_stmt 1 view .LVU82
ARM GAS  /var/folders/k8/xlf8xpxs1pdcp86t317gf5z40000gp/T//ccc71LJJ.s 			page 10


 150:Src/stm32f1xx_hal_msp.c ****     GPIO_InitStruct.Mode = GPIO_MODE_INPUT;
 304              		.loc 1 150 25 is_stmt 0 view .LVU83
 305 00be 4FF48043 		mov	r3, #16384
 306 00c2 0493     		str	r3, [sp, #16]
 151:Src/stm32f1xx_hal_msp.c ****     GPIO_InitStruct.Pull = GPIO_NOPULL;
 307              		.loc 1 151 5 is_stmt 1 view .LVU84
 151:Src/stm32f1xx_hal_msp.c ****     GPIO_InitStruct.Pull = GPIO_NOPULL;
 308              		.loc 1 151 26 is_stmt 0 view .LVU85
 309 00c4 0024     		movs	r4, #0
 310 00c6 0594     		str	r4, [sp, #20]
 152:Src/stm32f1xx_hal_msp.c ****     HAL_GPIO_Init(GPIOB, &GPIO_InitStruct);
 311              		.loc 1 152 5 is_stmt 1 view .LVU86
 152:Src/stm32f1xx_hal_msp.c ****     HAL_GPIO_Init(GPIOB, &GPIO_InitStruct);
 312              		.loc 1 152 26 is_stmt 0 view .LVU87
 313 00c8 0694     		str	r4, [sp, #24]
 153:Src/stm32f1xx_hal_msp.c **** 
 314              		.loc 1 153 5 is_stmt 1 view .LVU88
 315 00ca 04A9     		add	r1, sp, #16
 316 00cc 2846     		mov	r0, r5
 317 00ce FFF7FEFF 		bl	HAL_GPIO_Init
 318              	.LVL17:
 156:Src/stm32f1xx_hal_msp.c ****     HAL_NVIC_EnableIRQ(SPI2_IRQn);
 319              		.loc 1 156 5 view .LVU89
 320 00d2 2246     		mov	r2, r4
 321 00d4 0521     		movs	r1, #5
 322 00d6 2420     		movs	r0, #36
 323 00d8 FFF7FEFF 		bl	HAL_NVIC_SetPriority
 324              	.LVL18:
 157:Src/stm32f1xx_hal_msp.c ****   /* USER CODE BEGIN SPI2_MspInit 1 */
 325              		.loc 1 157 5 view .LVU90
 326 00dc 2420     		movs	r0, #36
 327 00de FFF7FEFF 		bl	HAL_NVIC_EnableIRQ
 328              	.LVL19:
 329              		.loc 1 163 1 is_stmt 0 view .LVU91
 330 00e2 9BE7     		b	.L5
 331              	.L12:
 332              		.align	2
 333              	.L11:
 334 00e4 00300140 		.word	1073819648
 335 00e8 00380040 		.word	1073756160
 336 00ec 00100240 		.word	1073876992
 337 00f0 00080140 		.word	1073809408
 338 00f4 000C0140 		.word	1073810432
 339              		.cfi_endproc
 340              	.LFE66:
 342              		.section	.text.HAL_SPI_MspDeInit,"ax",%progbits
 343              		.align	1
 344              		.global	HAL_SPI_MspDeInit
 345              		.syntax unified
 346              		.thumb
 347              		.thumb_func
 348              		.fpu softvfp
 350              	HAL_SPI_MspDeInit:
 351              	.LVL20:
 352              	.LFB67:
 164:Src/stm32f1xx_hal_msp.c **** 
 165:Src/stm32f1xx_hal_msp.c **** /**
ARM GAS  /var/folders/k8/xlf8xpxs1pdcp86t317gf5z40000gp/T//ccc71LJJ.s 			page 11


 166:Src/stm32f1xx_hal_msp.c **** * @brief SPI MSP De-Initialization
 167:Src/stm32f1xx_hal_msp.c **** * This function freeze the hardware resources used in this example
 168:Src/stm32f1xx_hal_msp.c **** * @param hspi: SPI handle pointer
 169:Src/stm32f1xx_hal_msp.c **** * @retval None
 170:Src/stm32f1xx_hal_msp.c **** */
 171:Src/stm32f1xx_hal_msp.c **** void HAL_SPI_MspDeInit(SPI_HandleTypeDef* hspi)
 172:Src/stm32f1xx_hal_msp.c **** {
 353              		.loc 1 172 1 is_stmt 1 view -0
 354              		.cfi_startproc
 355              		@ args = 0, pretend = 0, frame = 0
 356              		@ frame_needed = 0, uses_anonymous_args = 0
 357              		.loc 1 172 1 is_stmt 0 view .LVU93
 358 0000 08B5     		push	{r3, lr}
 359              	.LCFI7:
 360              		.cfi_def_cfa_offset 8
 361              		.cfi_offset 3, -8
 362              		.cfi_offset 14, -4
 173:Src/stm32f1xx_hal_msp.c ****   if(hspi->Instance==SPI1)
 363              		.loc 1 173 3 is_stmt 1 view .LVU94
 364              		.loc 1 173 10 is_stmt 0 view .LVU95
 365 0002 0368     		ldr	r3, [r0]
 366              		.loc 1 173 5 view .LVU96
 367 0004 114A     		ldr	r2, .L19
 368 0006 9342     		cmp	r3, r2
 369 0008 03D0     		beq	.L17
 174:Src/stm32f1xx_hal_msp.c ****   {
 175:Src/stm32f1xx_hal_msp.c ****   /* USER CODE BEGIN SPI1_MspDeInit 0 */
 176:Src/stm32f1xx_hal_msp.c **** 
 177:Src/stm32f1xx_hal_msp.c ****   /* USER CODE END SPI1_MspDeInit 0 */
 178:Src/stm32f1xx_hal_msp.c ****     /* Peripheral clock disable */
 179:Src/stm32f1xx_hal_msp.c ****     __HAL_RCC_SPI1_CLK_DISABLE();
 180:Src/stm32f1xx_hal_msp.c ****   
 181:Src/stm32f1xx_hal_msp.c ****     /**SPI1 GPIO Configuration    
 182:Src/stm32f1xx_hal_msp.c ****     PA5     ------> SPI1_SCK
 183:Src/stm32f1xx_hal_msp.c ****     PA6     ------> SPI1_MISO
 184:Src/stm32f1xx_hal_msp.c ****     PA7     ------> SPI1_MOSI 
 185:Src/stm32f1xx_hal_msp.c ****     */
 186:Src/stm32f1xx_hal_msp.c ****     HAL_GPIO_DeInit(GPIOA, GPIO_PIN_5|GPIO_PIN_6|GPIO_PIN_7);
 187:Src/stm32f1xx_hal_msp.c **** 
 188:Src/stm32f1xx_hal_msp.c ****     /* SPI1 interrupt DeInit */
 189:Src/stm32f1xx_hal_msp.c ****     HAL_NVIC_DisableIRQ(SPI1_IRQn);
 190:Src/stm32f1xx_hal_msp.c ****   /* USER CODE BEGIN SPI1_MspDeInit 1 */
 191:Src/stm32f1xx_hal_msp.c **** 
 192:Src/stm32f1xx_hal_msp.c ****   /* USER CODE END SPI1_MspDeInit 1 */
 193:Src/stm32f1xx_hal_msp.c ****   }
 194:Src/stm32f1xx_hal_msp.c ****   else if(hspi->Instance==SPI2)
 370              		.loc 1 194 8 is_stmt 1 view .LVU97
 371              		.loc 1 194 10 is_stmt 0 view .LVU98
 372 000a 114A     		ldr	r2, .L19+4
 373 000c 9342     		cmp	r3, r2
 374 000e 0ED0     		beq	.L18
 375              	.LVL21:
 376              	.L13:
 195:Src/stm32f1xx_hal_msp.c ****   {
 196:Src/stm32f1xx_hal_msp.c ****   /* USER CODE BEGIN SPI2_MspDeInit 0 */
 197:Src/stm32f1xx_hal_msp.c **** 
 198:Src/stm32f1xx_hal_msp.c ****   /* USER CODE END SPI2_MspDeInit 0 */
ARM GAS  /var/folders/k8/xlf8xpxs1pdcp86t317gf5z40000gp/T//ccc71LJJ.s 			page 12


 199:Src/stm32f1xx_hal_msp.c ****     /* Peripheral clock disable */
 200:Src/stm32f1xx_hal_msp.c ****     __HAL_RCC_SPI2_CLK_DISABLE();
 201:Src/stm32f1xx_hal_msp.c ****   
 202:Src/stm32f1xx_hal_msp.c ****     /**SPI2 GPIO Configuration    
 203:Src/stm32f1xx_hal_msp.c ****     PB13     ------> SPI2_SCK
 204:Src/stm32f1xx_hal_msp.c ****     PB14     ------> SPI2_MISO
 205:Src/stm32f1xx_hal_msp.c ****     PB15     ------> SPI2_MOSI 
 206:Src/stm32f1xx_hal_msp.c ****     */
 207:Src/stm32f1xx_hal_msp.c ****     HAL_GPIO_DeInit(GPIOB, GPIO_PIN_13|GPIO_PIN_14|GPIO_PIN_15);
 208:Src/stm32f1xx_hal_msp.c **** 
 209:Src/stm32f1xx_hal_msp.c ****     /* SPI2 interrupt DeInit */
 210:Src/stm32f1xx_hal_msp.c ****     HAL_NVIC_DisableIRQ(SPI2_IRQn);
 211:Src/stm32f1xx_hal_msp.c ****   /* USER CODE BEGIN SPI2_MspDeInit 1 */
 212:Src/stm32f1xx_hal_msp.c **** 
 213:Src/stm32f1xx_hal_msp.c ****   /* USER CODE END SPI2_MspDeInit 1 */
 214:Src/stm32f1xx_hal_msp.c ****   }
 215:Src/stm32f1xx_hal_msp.c **** 
 216:Src/stm32f1xx_hal_msp.c **** }
 377              		.loc 1 216 1 view .LVU99
 378 0010 08BD     		pop	{r3, pc}
 379              	.LVL22:
 380              	.L17:
 179:Src/stm32f1xx_hal_msp.c ****   
 381              		.loc 1 179 5 is_stmt 1 view .LVU100
 382 0012 02F56042 		add	r2, r2, #57344
 383 0016 9369     		ldr	r3, [r2, #24]
 384 0018 23F48053 		bic	r3, r3, #4096
 385 001c 9361     		str	r3, [r2, #24]
 186:Src/stm32f1xx_hal_msp.c **** 
 386              		.loc 1 186 5 view .LVU101
 387 001e E021     		movs	r1, #224
 388 0020 0C48     		ldr	r0, .L19+8
 389              	.LVL23:
 186:Src/stm32f1xx_hal_msp.c **** 
 390              		.loc 1 186 5 is_stmt 0 view .LVU102
 391 0022 FFF7FEFF 		bl	HAL_GPIO_DeInit
 392              	.LVL24:
 189:Src/stm32f1xx_hal_msp.c ****   /* USER CODE BEGIN SPI1_MspDeInit 1 */
 393              		.loc 1 189 5 is_stmt 1 view .LVU103
 394 0026 2320     		movs	r0, #35
 395 0028 FFF7FEFF 		bl	HAL_NVIC_DisableIRQ
 396              	.LVL25:
 397 002c F0E7     		b	.L13
 398              	.LVL26:
 399              	.L18:
 200:Src/stm32f1xx_hal_msp.c ****   
 400              		.loc 1 200 5 view .LVU104
 401 002e 02F5EC32 		add	r2, r2, #120832
 402 0032 D369     		ldr	r3, [r2, #28]
 403 0034 23F48043 		bic	r3, r3, #16384
 404 0038 D361     		str	r3, [r2, #28]
 207:Src/stm32f1xx_hal_msp.c **** 
 405              		.loc 1 207 5 view .LVU105
 406 003a 4FF46041 		mov	r1, #57344
 407 003e 0648     		ldr	r0, .L19+12
 408              	.LVL27:
 207:Src/stm32f1xx_hal_msp.c **** 
ARM GAS  /var/folders/k8/xlf8xpxs1pdcp86t317gf5z40000gp/T//ccc71LJJ.s 			page 13


 409              		.loc 1 207 5 is_stmt 0 view .LVU106
 410 0040 FFF7FEFF 		bl	HAL_GPIO_DeInit
 411              	.LVL28:
 210:Src/stm32f1xx_hal_msp.c ****   /* USER CODE BEGIN SPI2_MspDeInit 1 */
 412              		.loc 1 210 5 is_stmt 1 view .LVU107
 413 0044 2420     		movs	r0, #36
 414 0046 FFF7FEFF 		bl	HAL_NVIC_DisableIRQ
 415              	.LVL29:
 416              		.loc 1 216 1 is_stmt 0 view .LVU108
 417 004a E1E7     		b	.L13
 418              	.L20:
 419              		.align	2
 420              	.L19:
 421 004c 00300140 		.word	1073819648
 422 0050 00380040 		.word	1073756160
 423 0054 00080140 		.word	1073809408
 424 0058 000C0140 		.word	1073810432
 425              		.cfi_endproc
 426              	.LFE67:
 428              		.section	.text.HAL_UART_MspInit,"ax",%progbits
 429              		.align	1
 430              		.global	HAL_UART_MspInit
 431              		.syntax unified
 432              		.thumb
 433              		.thumb_func
 434              		.fpu softvfp
 436              	HAL_UART_MspInit:
 437              	.LVL30:
 438              	.LFB68:
 217:Src/stm32f1xx_hal_msp.c **** 
 218:Src/stm32f1xx_hal_msp.c **** /**
 219:Src/stm32f1xx_hal_msp.c **** * @brief UART MSP Initialization
 220:Src/stm32f1xx_hal_msp.c **** * This function configures the hardware resources used in this example
 221:Src/stm32f1xx_hal_msp.c **** * @param huart: UART handle pointer
 222:Src/stm32f1xx_hal_msp.c **** * @retval None
 223:Src/stm32f1xx_hal_msp.c **** */
 224:Src/stm32f1xx_hal_msp.c **** void HAL_UART_MspInit(UART_HandleTypeDef* huart)
 225:Src/stm32f1xx_hal_msp.c **** {
 439              		.loc 1 225 1 is_stmt 1 view -0
 440              		.cfi_startproc
 441              		@ args = 0, pretend = 0, frame = 24
 442              		@ frame_needed = 0, uses_anonymous_args = 0
 443              		.loc 1 225 1 is_stmt 0 view .LVU110
 444 0000 30B5     		push	{r4, r5, lr}
 445              	.LCFI8:
 446              		.cfi_def_cfa_offset 12
 447              		.cfi_offset 4, -12
 448              		.cfi_offset 5, -8
 449              		.cfi_offset 14, -4
 450 0002 87B0     		sub	sp, sp, #28
 451              	.LCFI9:
 452              		.cfi_def_cfa_offset 40
 226:Src/stm32f1xx_hal_msp.c ****   GPIO_InitTypeDef GPIO_InitStruct = {0};
 453              		.loc 1 226 3 is_stmt 1 view .LVU111
 454              		.loc 1 226 20 is_stmt 0 view .LVU112
 455 0004 0023     		movs	r3, #0
 456 0006 0293     		str	r3, [sp, #8]
ARM GAS  /var/folders/k8/xlf8xpxs1pdcp86t317gf5z40000gp/T//ccc71LJJ.s 			page 14


 457 0008 0393     		str	r3, [sp, #12]
 458 000a 0493     		str	r3, [sp, #16]
 459 000c 0593     		str	r3, [sp, #20]
 227:Src/stm32f1xx_hal_msp.c ****   if(huart->Instance==USART1)
 460              		.loc 1 227 3 is_stmt 1 view .LVU113
 461              		.loc 1 227 11 is_stmt 0 view .LVU114
 462 000e 0268     		ldr	r2, [r0]
 463              		.loc 1 227 5 view .LVU115
 464 0010 1B4B     		ldr	r3, .L25
 465 0012 9A42     		cmp	r2, r3
 466 0014 01D0     		beq	.L24
 467              	.LVL31:
 468              	.L21:
 228:Src/stm32f1xx_hal_msp.c ****   {
 229:Src/stm32f1xx_hal_msp.c ****   /* USER CODE BEGIN USART1_MspInit 0 */
 230:Src/stm32f1xx_hal_msp.c **** 
 231:Src/stm32f1xx_hal_msp.c ****   /* USER CODE END USART1_MspInit 0 */
 232:Src/stm32f1xx_hal_msp.c ****     /* Peripheral clock enable */
 233:Src/stm32f1xx_hal_msp.c ****     __HAL_RCC_USART1_CLK_ENABLE();
 234:Src/stm32f1xx_hal_msp.c ****   
 235:Src/stm32f1xx_hal_msp.c ****     __HAL_RCC_GPIOA_CLK_ENABLE();
 236:Src/stm32f1xx_hal_msp.c ****     /**USART1 GPIO Configuration    
 237:Src/stm32f1xx_hal_msp.c ****     PA9     ------> USART1_TX
 238:Src/stm32f1xx_hal_msp.c ****     PA10     ------> USART1_RX 
 239:Src/stm32f1xx_hal_msp.c ****     */
 240:Src/stm32f1xx_hal_msp.c ****     GPIO_InitStruct.Pin = GPIO_PIN_9;
 241:Src/stm32f1xx_hal_msp.c ****     GPIO_InitStruct.Mode = GPIO_MODE_AF_PP;
 242:Src/stm32f1xx_hal_msp.c ****     GPIO_InitStruct.Speed = GPIO_SPEED_FREQ_HIGH;
 243:Src/stm32f1xx_hal_msp.c ****     HAL_GPIO_Init(GPIOA, &GPIO_InitStruct);
 244:Src/stm32f1xx_hal_msp.c **** 
 245:Src/stm32f1xx_hal_msp.c ****     GPIO_InitStruct.Pin = GPIO_PIN_10;
 246:Src/stm32f1xx_hal_msp.c ****     GPIO_InitStruct.Mode = GPIO_MODE_INPUT;
 247:Src/stm32f1xx_hal_msp.c ****     GPIO_InitStruct.Pull = GPIO_NOPULL;
 248:Src/stm32f1xx_hal_msp.c ****     HAL_GPIO_Init(GPIOA, &GPIO_InitStruct);
 249:Src/stm32f1xx_hal_msp.c **** 
 250:Src/stm32f1xx_hal_msp.c ****     /* USART1 interrupt Init */
 251:Src/stm32f1xx_hal_msp.c ****     HAL_NVIC_SetPriority(USART1_IRQn, 5, 0);
 252:Src/stm32f1xx_hal_msp.c ****     HAL_NVIC_EnableIRQ(USART1_IRQn);
 253:Src/stm32f1xx_hal_msp.c ****   /* USER CODE BEGIN USART1_MspInit 1 */
 254:Src/stm32f1xx_hal_msp.c **** 
 255:Src/stm32f1xx_hal_msp.c ****   /* USER CODE END USART1_MspInit 1 */
 256:Src/stm32f1xx_hal_msp.c ****   }
 257:Src/stm32f1xx_hal_msp.c **** 
 258:Src/stm32f1xx_hal_msp.c **** }
 469              		.loc 1 258 1 view .LVU116
 470 0016 07B0     		add	sp, sp, #28
 471              	.LCFI10:
 472              		.cfi_remember_state
 473              		.cfi_def_cfa_offset 12
 474              		@ sp needed
 475 0018 30BD     		pop	{r4, r5, pc}
 476              	.LVL32:
 477              	.L24:
 478              	.LCFI11:
 479              		.cfi_restore_state
 233:Src/stm32f1xx_hal_msp.c ****   
 480              		.loc 1 233 5 is_stmt 1 view .LVU117
ARM GAS  /var/folders/k8/xlf8xpxs1pdcp86t317gf5z40000gp/T//ccc71LJJ.s 			page 15


 481              	.LBB9:
 233:Src/stm32f1xx_hal_msp.c ****   
 482              		.loc 1 233 5 view .LVU118
 233:Src/stm32f1xx_hal_msp.c ****   
 483              		.loc 1 233 5 view .LVU119
 484 001a 03F55843 		add	r3, r3, #55296
 485 001e 9A69     		ldr	r2, [r3, #24]
 486 0020 42F48042 		orr	r2, r2, #16384
 487 0024 9A61     		str	r2, [r3, #24]
 233:Src/stm32f1xx_hal_msp.c ****   
 488              		.loc 1 233 5 view .LVU120
 489 0026 9A69     		ldr	r2, [r3, #24]
 490 0028 02F48042 		and	r2, r2, #16384
 491 002c 0092     		str	r2, [sp]
 233:Src/stm32f1xx_hal_msp.c ****   
 492              		.loc 1 233 5 view .LVU121
 493 002e 009A     		ldr	r2, [sp]
 494              	.LBE9:
 233:Src/stm32f1xx_hal_msp.c ****   
 495              		.loc 1 233 5 view .LVU122
 235:Src/stm32f1xx_hal_msp.c ****     /**USART1 GPIO Configuration    
 496              		.loc 1 235 5 view .LVU123
 497              	.LBB10:
 235:Src/stm32f1xx_hal_msp.c ****     /**USART1 GPIO Configuration    
 498              		.loc 1 235 5 view .LVU124
 235:Src/stm32f1xx_hal_msp.c ****     /**USART1 GPIO Configuration    
 499              		.loc 1 235 5 view .LVU125
 500 0030 9A69     		ldr	r2, [r3, #24]
 501 0032 42F00402 		orr	r2, r2, #4
 502 0036 9A61     		str	r2, [r3, #24]
 235:Src/stm32f1xx_hal_msp.c ****     /**USART1 GPIO Configuration    
 503              		.loc 1 235 5 view .LVU126
 504 0038 9B69     		ldr	r3, [r3, #24]
 505 003a 03F00403 		and	r3, r3, #4
 506 003e 0193     		str	r3, [sp, #4]
 235:Src/stm32f1xx_hal_msp.c ****     /**USART1 GPIO Configuration    
 507              		.loc 1 235 5 view .LVU127
 508 0040 019B     		ldr	r3, [sp, #4]
 509              	.LBE10:
 235:Src/stm32f1xx_hal_msp.c ****     /**USART1 GPIO Configuration    
 510              		.loc 1 235 5 view .LVU128
 240:Src/stm32f1xx_hal_msp.c ****     GPIO_InitStruct.Mode = GPIO_MODE_AF_PP;
 511              		.loc 1 240 5 view .LVU129
 240:Src/stm32f1xx_hal_msp.c ****     GPIO_InitStruct.Mode = GPIO_MODE_AF_PP;
 512              		.loc 1 240 25 is_stmt 0 view .LVU130
 513 0042 4FF40073 		mov	r3, #512
 514 0046 0293     		str	r3, [sp, #8]
 241:Src/stm32f1xx_hal_msp.c ****     GPIO_InitStruct.Speed = GPIO_SPEED_FREQ_HIGH;
 515              		.loc 1 241 5 is_stmt 1 view .LVU131
 241:Src/stm32f1xx_hal_msp.c ****     GPIO_InitStruct.Speed = GPIO_SPEED_FREQ_HIGH;
 516              		.loc 1 241 26 is_stmt 0 view .LVU132
 517 0048 0223     		movs	r3, #2
 518 004a 0393     		str	r3, [sp, #12]
 242:Src/stm32f1xx_hal_msp.c ****     HAL_GPIO_Init(GPIOA, &GPIO_InitStruct);
 519              		.loc 1 242 5 is_stmt 1 view .LVU133
 242:Src/stm32f1xx_hal_msp.c ****     HAL_GPIO_Init(GPIOA, &GPIO_InitStruct);
 520              		.loc 1 242 27 is_stmt 0 view .LVU134
ARM GAS  /var/folders/k8/xlf8xpxs1pdcp86t317gf5z40000gp/T//ccc71LJJ.s 			page 16


 521 004c 0323     		movs	r3, #3
 522 004e 0593     		str	r3, [sp, #20]
 243:Src/stm32f1xx_hal_msp.c **** 
 523              		.loc 1 243 5 is_stmt 1 view .LVU135
 524 0050 0C4D     		ldr	r5, .L25+4
 525 0052 02A9     		add	r1, sp, #8
 526 0054 2846     		mov	r0, r5
 527              	.LVL33:
 243:Src/stm32f1xx_hal_msp.c **** 
 528              		.loc 1 243 5 is_stmt 0 view .LVU136
 529 0056 FFF7FEFF 		bl	HAL_GPIO_Init
 530              	.LVL34:
 245:Src/stm32f1xx_hal_msp.c ****     GPIO_InitStruct.Mode = GPIO_MODE_INPUT;
 531              		.loc 1 245 5 is_stmt 1 view .LVU137
 245:Src/stm32f1xx_hal_msp.c ****     GPIO_InitStruct.Mode = GPIO_MODE_INPUT;
 532              		.loc 1 245 25 is_stmt 0 view .LVU138
 533 005a 4FF48063 		mov	r3, #1024
 534 005e 0293     		str	r3, [sp, #8]
 246:Src/stm32f1xx_hal_msp.c ****     GPIO_InitStruct.Pull = GPIO_NOPULL;
 535              		.loc 1 246 5 is_stmt 1 view .LVU139
 246:Src/stm32f1xx_hal_msp.c ****     GPIO_InitStruct.Pull = GPIO_NOPULL;
 536              		.loc 1 246 26 is_stmt 0 view .LVU140
 537 0060 0024     		movs	r4, #0
 538 0062 0394     		str	r4, [sp, #12]
 247:Src/stm32f1xx_hal_msp.c ****     HAL_GPIO_Init(GPIOA, &GPIO_InitStruct);
 539              		.loc 1 247 5 is_stmt 1 view .LVU141
 247:Src/stm32f1xx_hal_msp.c ****     HAL_GPIO_Init(GPIOA, &GPIO_InitStruct);
 540              		.loc 1 247 26 is_stmt 0 view .LVU142
 541 0064 0494     		str	r4, [sp, #16]
 248:Src/stm32f1xx_hal_msp.c **** 
 542              		.loc 1 248 5 is_stmt 1 view .LVU143
 543 0066 02A9     		add	r1, sp, #8
 544 0068 2846     		mov	r0, r5
 545 006a FFF7FEFF 		bl	HAL_GPIO_Init
 546              	.LVL35:
 251:Src/stm32f1xx_hal_msp.c ****     HAL_NVIC_EnableIRQ(USART1_IRQn);
 547              		.loc 1 251 5 view .LVU144
 548 006e 2246     		mov	r2, r4
 549 0070 0521     		movs	r1, #5
 550 0072 2520     		movs	r0, #37
 551 0074 FFF7FEFF 		bl	HAL_NVIC_SetPriority
 552              	.LVL36:
 252:Src/stm32f1xx_hal_msp.c ****   /* USER CODE BEGIN USART1_MspInit 1 */
 553              		.loc 1 252 5 view .LVU145
 554 0078 2520     		movs	r0, #37
 555 007a FFF7FEFF 		bl	HAL_NVIC_EnableIRQ
 556              	.LVL37:
 557              		.loc 1 258 1 is_stmt 0 view .LVU146
 558 007e CAE7     		b	.L21
 559              	.L26:
 560              		.align	2
 561              	.L25:
 562 0080 00380140 		.word	1073821696
 563 0084 00080140 		.word	1073809408
 564              		.cfi_endproc
 565              	.LFE68:
 567              		.section	.text.HAL_UART_MspDeInit,"ax",%progbits
ARM GAS  /var/folders/k8/xlf8xpxs1pdcp86t317gf5z40000gp/T//ccc71LJJ.s 			page 17


 568              		.align	1
 569              		.global	HAL_UART_MspDeInit
 570              		.syntax unified
 571              		.thumb
 572              		.thumb_func
 573              		.fpu softvfp
 575              	HAL_UART_MspDeInit:
 576              	.LVL38:
 577              	.LFB69:
 259:Src/stm32f1xx_hal_msp.c **** 
 260:Src/stm32f1xx_hal_msp.c **** /**
 261:Src/stm32f1xx_hal_msp.c **** * @brief UART MSP De-Initialization
 262:Src/stm32f1xx_hal_msp.c **** * This function freeze the hardware resources used in this example
 263:Src/stm32f1xx_hal_msp.c **** * @param huart: UART handle pointer
 264:Src/stm32f1xx_hal_msp.c **** * @retval None
 265:Src/stm32f1xx_hal_msp.c **** */
 266:Src/stm32f1xx_hal_msp.c **** void HAL_UART_MspDeInit(UART_HandleTypeDef* huart)
 267:Src/stm32f1xx_hal_msp.c **** {
 578              		.loc 1 267 1 is_stmt 1 view -0
 579              		.cfi_startproc
 580              		@ args = 0, pretend = 0, frame = 0
 581              		@ frame_needed = 0, uses_anonymous_args = 0
 582              		.loc 1 267 1 is_stmt 0 view .LVU148
 583 0000 08B5     		push	{r3, lr}
 584              	.LCFI12:
 585              		.cfi_def_cfa_offset 8
 586              		.cfi_offset 3, -8
 587              		.cfi_offset 14, -4
 268:Src/stm32f1xx_hal_msp.c ****   if(huart->Instance==USART1)
 588              		.loc 1 268 3 is_stmt 1 view .LVU149
 589              		.loc 1 268 11 is_stmt 0 view .LVU150
 590 0002 0268     		ldr	r2, [r0]
 591              		.loc 1 268 5 view .LVU151
 592 0004 084B     		ldr	r3, .L31
 593 0006 9A42     		cmp	r2, r3
 594 0008 00D0     		beq	.L30
 595              	.LVL39:
 596              	.L27:
 269:Src/stm32f1xx_hal_msp.c ****   {
 270:Src/stm32f1xx_hal_msp.c ****   /* USER CODE BEGIN USART1_MspDeInit 0 */
 271:Src/stm32f1xx_hal_msp.c **** 
 272:Src/stm32f1xx_hal_msp.c ****   /* USER CODE END USART1_MspDeInit 0 */
 273:Src/stm32f1xx_hal_msp.c ****     /* Peripheral clock disable */
 274:Src/stm32f1xx_hal_msp.c ****     __HAL_RCC_USART1_CLK_DISABLE();
 275:Src/stm32f1xx_hal_msp.c ****   
 276:Src/stm32f1xx_hal_msp.c ****     /**USART1 GPIO Configuration    
 277:Src/stm32f1xx_hal_msp.c ****     PA9     ------> USART1_TX
 278:Src/stm32f1xx_hal_msp.c ****     PA10     ------> USART1_RX 
 279:Src/stm32f1xx_hal_msp.c ****     */
 280:Src/stm32f1xx_hal_msp.c ****     HAL_GPIO_DeInit(GPIOA, GPIO_PIN_9|GPIO_PIN_10);
 281:Src/stm32f1xx_hal_msp.c **** 
 282:Src/stm32f1xx_hal_msp.c ****     /* USART1 interrupt DeInit */
 283:Src/stm32f1xx_hal_msp.c ****     HAL_NVIC_DisableIRQ(USART1_IRQn);
 284:Src/stm32f1xx_hal_msp.c ****   /* USER CODE BEGIN USART1_MspDeInit 1 */
 285:Src/stm32f1xx_hal_msp.c **** 
 286:Src/stm32f1xx_hal_msp.c ****   /* USER CODE END USART1_MspDeInit 1 */
 287:Src/stm32f1xx_hal_msp.c ****   }
ARM GAS  /var/folders/k8/xlf8xpxs1pdcp86t317gf5z40000gp/T//ccc71LJJ.s 			page 18


 288:Src/stm32f1xx_hal_msp.c **** 
 289:Src/stm32f1xx_hal_msp.c **** }
 597              		.loc 1 289 1 view .LVU152
 598 000a 08BD     		pop	{r3, pc}
 599              	.LVL40:
 600              	.L30:
 274:Src/stm32f1xx_hal_msp.c ****   
 601              		.loc 1 274 5 is_stmt 1 view .LVU153
 602 000c 074A     		ldr	r2, .L31+4
 603 000e 9369     		ldr	r3, [r2, #24]
 604 0010 23F48043 		bic	r3, r3, #16384
 605 0014 9361     		str	r3, [r2, #24]
 280:Src/stm32f1xx_hal_msp.c **** 
 606              		.loc 1 280 5 view .LVU154
 607 0016 4FF4C061 		mov	r1, #1536
 608 001a 0548     		ldr	r0, .L31+8
 609              	.LVL41:
 280:Src/stm32f1xx_hal_msp.c **** 
 610              		.loc 1 280 5 is_stmt 0 view .LVU155
 611 001c FFF7FEFF 		bl	HAL_GPIO_DeInit
 612              	.LVL42:
 283:Src/stm32f1xx_hal_msp.c ****   /* USER CODE BEGIN USART1_MspDeInit 1 */
 613              		.loc 1 283 5 is_stmt 1 view .LVU156
 614 0020 2520     		movs	r0, #37
 615 0022 FFF7FEFF 		bl	HAL_NVIC_DisableIRQ
 616              	.LVL43:
 617              		.loc 1 289 1 is_stmt 0 view .LVU157
 618 0026 F0E7     		b	.L27
 619              	.L32:
 620              		.align	2
 621              	.L31:
 622 0028 00380140 		.word	1073821696
 623 002c 00100240 		.word	1073876992
 624 0030 00080140 		.word	1073809408
 625              		.cfi_endproc
 626              	.LFE69:
 628              		.text
 629              	.Letext0:
 630              		.file 2 "/usr/local/Caskroom/gcc-arm-embedded/9-2019-q4-major/gcc-arm-none-eabi-9-2019-q4-major/ar
 631              		.file 3 "/usr/local/Caskroom/gcc-arm-embedded/9-2019-q4-major/gcc-arm-none-eabi-9-2019-q4-major/ar
 632              		.file 4 "Drivers/CMSIS/Include/core_cm3.h"
 633              		.file 5 "Drivers/CMSIS/Device/ST/STM32F1xx/Include/system_stm32f1xx.h"
 634              		.file 6 "Drivers/CMSIS/Device/ST/STM32F1xx/Include/stm32f103xb.h"
 635              		.file 7 "Drivers/STM32F1xx_HAL_Driver/Inc/stm32f1xx_hal_def.h"
 636              		.file 8 "Drivers/STM32F1xx_HAL_Driver/Inc/stm32f1xx_hal_gpio.h"
 637              		.file 9 "Drivers/STM32F1xx_HAL_Driver/Inc/stm32f1xx_hal_dma.h"
 638              		.file 10 "Drivers/STM32F1xx_HAL_Driver/Inc/stm32f1xx_hal_spi.h"
 639              		.file 11 "Drivers/STM32F1xx_HAL_Driver/Inc/stm32f1xx_hal_uart.h"
 640              		.file 12 "Drivers/STM32F1xx_HAL_Driver/Inc/stm32f1xx_hal.h"
 641              		.file 13 "Drivers/STM32F1xx_HAL_Driver/Inc/stm32f1xx_hal_cortex.h"
ARM GAS  /var/folders/k8/xlf8xpxs1pdcp86t317gf5z40000gp/T//ccc71LJJ.s 			page 19


DEFINED SYMBOLS
                            *ABS*:0000000000000000 stm32f1xx_hal_msp.c
/var/folders/k8/xlf8xpxs1pdcp86t317gf5z40000gp/T//ccc71LJJ.s:16     .text.HAL_MspInit:0000000000000000 $t
/var/folders/k8/xlf8xpxs1pdcp86t317gf5z40000gp/T//ccc71LJJ.s:24     .text.HAL_MspInit:0000000000000000 HAL_MspInit
/var/folders/k8/xlf8xpxs1pdcp86t317gf5z40000gp/T//ccc71LJJ.s:110    .text.HAL_MspInit:000000000000005c $d
/var/folders/k8/xlf8xpxs1pdcp86t317gf5z40000gp/T//ccc71LJJ.s:116    .text.HAL_SPI_MspInit:0000000000000000 $t
/var/folders/k8/xlf8xpxs1pdcp86t317gf5z40000gp/T//ccc71LJJ.s:123    .text.HAL_SPI_MspInit:0000000000000000 HAL_SPI_MspInit
/var/folders/k8/xlf8xpxs1pdcp86t317gf5z40000gp/T//ccc71LJJ.s:334    .text.HAL_SPI_MspInit:00000000000000e4 $d
/var/folders/k8/xlf8xpxs1pdcp86t317gf5z40000gp/T//ccc71LJJ.s:343    .text.HAL_SPI_MspDeInit:0000000000000000 $t
/var/folders/k8/xlf8xpxs1pdcp86t317gf5z40000gp/T//ccc71LJJ.s:350    .text.HAL_SPI_MspDeInit:0000000000000000 HAL_SPI_MspDeInit
/var/folders/k8/xlf8xpxs1pdcp86t317gf5z40000gp/T//ccc71LJJ.s:421    .text.HAL_SPI_MspDeInit:000000000000004c $d
/var/folders/k8/xlf8xpxs1pdcp86t317gf5z40000gp/T//ccc71LJJ.s:429    .text.HAL_UART_MspInit:0000000000000000 $t
/var/folders/k8/xlf8xpxs1pdcp86t317gf5z40000gp/T//ccc71LJJ.s:436    .text.HAL_UART_MspInit:0000000000000000 HAL_UART_MspInit
/var/folders/k8/xlf8xpxs1pdcp86t317gf5z40000gp/T//ccc71LJJ.s:562    .text.HAL_UART_MspInit:0000000000000080 $d
/var/folders/k8/xlf8xpxs1pdcp86t317gf5z40000gp/T//ccc71LJJ.s:568    .text.HAL_UART_MspDeInit:0000000000000000 $t
/var/folders/k8/xlf8xpxs1pdcp86t317gf5z40000gp/T//ccc71LJJ.s:575    .text.HAL_UART_MspDeInit:0000000000000000 HAL_UART_MspDeInit
/var/folders/k8/xlf8xpxs1pdcp86t317gf5z40000gp/T//ccc71LJJ.s:622    .text.HAL_UART_MspDeInit:0000000000000028 $d

UNDEFINED SYMBOLS
HAL_NVIC_SetPriority
HAL_NVIC_EnableIRQ
HAL_GPIO_Init
HAL_GPIO_DeInit
HAL_NVIC_DisableIRQ
